{"/home/travis/build/npmtest/node-npmtest-webdriver-manager/test.js":{"path":"/home/travis/build/npmtest/node-npmtest-webdriver-manager/test.js","s":{"1":2,"2":2,"3":2,"4":2,"5":2,"6":2,"7":2,"8":1,"9":2,"10":2,"11":1,"12":1,"13":1,"14":1,"15":2,"16":2,"17":2,"18":2,"19":1,"20":1,"21":2,"22":2,"23":2,"24":1,"25":1,"26":1,"27":1,"28":1,"29":1,"30":1,"31":1,"32":1,"33":1,"34":1,"35":1,"36":1,"37":1,"38":1,"39":2,"40":2,"41":1,"42":2,"43":2,"44":1,"45":2,"46":2,"47":1,"48":2,"49":2,"50":1,"51":1,"52":1,"53":1,"54":1},"b":{"1":[2,1,1,1],"2":[1,1,1,1],"3":[1,1],"4":[1,1],"5":[1,1],"6":[1,1],"7":[1,1],"8":[1,1],"9":[1,1],"10":[1,1,1],"11":[1,1],"12":[1,1],"13":[1,1],"14":[1,1],"15":[1,1],"16":[1,1],"17":[1,1]},"f":{"1":2,"2":2,"3":2,"4":2,"5":2,"6":1,"7":1,"8":1,"9":2,"10":2,"11":2,"12":2,"13":1},"fnMap":{"1":{"name":"(anonymous_1)","line":12,"loc":{"start":{"line":12,"column":1},"end":{"line":12,"column":13}}},"2":{"name":"(anonymous_2)","line":19,"loc":{"start":{"line":19,"column":5},"end":{"line":19,"column":17}}},"3":{"name":"(anonymous_3)","line":23,"loc":{"start":{"line":23,"column":24},"end":{"line":23,"column":36}}},"4":{"name":"(anonymous_4)","line":61,"loc":{"start":{"line":61,"column":5},"end":{"line":61,"column":17}}},"5":{"name":"(anonymous_5)","line":82,"loc":{"start":{"line":82,"column":5},"end":{"line":82,"column":17}}},"6":{"name":"(anonymous_6)","line":91,"loc":{"start":{"line":91,"column":77},"end":{"line":94,"column":10}}},"7":{"name":"(anonymous_7)","line":112,"loc":{"start":{"line":112,"column":83},"end":{"line":115,"column":10}},"skip":true},"8":{"name":"(anonymous_8)","line":123,"loc":{"start":{"line":123,"column":77},"end":{"line":126,"column":10}},"skip":true},"9":{"name":"(anonymous_9)","line":139,"loc":{"start":{"line":139,"column":12},"end":{"line":139,"column":40}},"skip":true},"10":{"name":"(anonymous_10)","line":147,"loc":{"start":{"line":147,"column":77},"end":{"line":150,"column":10}},"skip":true},"11":{"name":"(anonymous_11)","line":158,"loc":{"start":{"line":158,"column":83},"end":{"line":161,"column":10}},"skip":true},"12":{"name":"(anonymous_12)","line":169,"loc":{"start":{"line":169,"column":79},"end":{"line":172,"column":10}},"skip":true},"13":{"name":"(anonymous_13)","line":180,"loc":{"start":{"line":180,"column":75},"end":{"line":183,"column":10}},"skip":true}},"statementMap":{"1":{"start":{"line":12,"column":0},"end":{"line":195,"column":5}},"2":{"start":{"line":14,"column":4},"end":{"line":14,"column":14}},"3":{"start":{"line":19,"column":4},"end":{"line":56,"column":9}},"4":{"start":{"line":21,"column":8},"end":{"line":21,"column":19}},"5":{"start":{"line":23,"column":8},"end":{"line":35,"column":13}},"6":{"start":{"line":24,"column":12},"end":{"line":34,"column":13}},"7":{"start":{"line":25,"column":16},"end":{"line":28,"column":30}},"8":{"start":{"line":30,"column":16},"end":{"line":33,"column":27}},"9":{"start":{"line":37,"column":8},"end":{"line":39,"column":21}},"10":{"start":{"line":40,"column":8},"end":{"line":53,"column":9}},"11":{"start":{"line":43,"column":12},"end":{"line":46,"column":14}},"12":{"start":{"line":47,"column":12},"end":{"line":47,"column":18}},"13":{"start":{"line":50,"column":12},"end":{"line":51,"column":46}},"14":{"start":{"line":52,"column":12},"end":{"line":52,"column":18}},"15":{"start":{"line":55,"column":8},"end":{"line":55,"column":35}},"16":{"start":{"line":61,"column":4},"end":{"line":63,"column":9}},"17":{"start":{"line":62,"column":8},"end":{"line":62,"column":15}},"18":{"start":{"line":64,"column":4},"end":{"line":77,"column":5}},"19":{"start":{"line":70,"column":8},"end":{"line":70,"column":14}},"20":{"start":{"line":76,"column":8},"end":{"line":76,"column":14}},"21":{"start":{"line":82,"column":4},"end":{"line":84,"column":9}},"22":{"start":{"line":83,"column":8},"end":{"line":83,"column":15}},"23":{"start":{"line":85,"column":4},"end":{"line":194,"column":5}},"24":{"start":{"line":91,"column":8},"end":{"line":99,"column":10}},"25":{"start":{"line":98,"column":12},"end":{"line":98,"column":35}},"26":{"start":{"line":102,"column":8},"end":{"line":104,"column":63}},"27":{"start":{"line":105,"column":8},"end":{"line":105,"column":14}},"28":{"start":{"line":112,"column":8},"end":{"line":121,"column":10},"skip":true},"29":{"start":{"line":119,"column":12},"end":{"line":119,"column":55},"skip":true},"30":{"start":{"line":120,"column":12},"end":{"line":120,"column":48},"skip":true},"31":{"start":{"line":123,"column":8},"end":{"line":136,"column":10},"skip":true},"32":{"start":{"line":130,"column":12},"end":{"line":130,"column":76},"skip":true},"33":{"start":{"line":131,"column":12},"end":{"line":131,"column":73},"skip":true},"34":{"start":{"line":132,"column":12},"end":{"line":132,"column":74},"skip":true},"35":{"start":{"line":133,"column":12},"end":{"line":133,"column":79},"skip":true},"36":{"start":{"line":134,"column":12},"end":{"line":134,"column":25},"skip":true},"37":{"start":{"line":135,"column":12},"end":{"line":135,"column":45},"skip":true},"38":{"start":{"line":138,"column":8},"end":{"line":145,"column":14},"skip":true},"39":{"start":{"line":143,"column":16},"end":{"line":143,"column":29},"skip":true},"40":{"start":{"line":144,"column":16},"end":{"line":144,"column":55},"skip":true},"41":{"start":{"line":147,"column":8},"end":{"line":156,"column":10},"skip":true},"42":{"start":{"line":154,"column":12},"end":{"line":154,"column":25},"skip":true},"43":{"start":{"line":155,"column":12},"end":{"line":155,"column":45},"skip":true},"44":{"start":{"line":158,"column":8},"end":{"line":167,"column":10},"skip":true},"45":{"start":{"line":165,"column":12},"end":{"line":165,"column":25},"skip":true},"46":{"start":{"line":166,"column":12},"end":{"line":166,"column":48},"skip":true},"47":{"start":{"line":169,"column":8},"end":{"line":178,"column":10},"skip":true},"48":{"start":{"line":176,"column":12},"end":{"line":176,"column":25},"skip":true},"49":{"start":{"line":177,"column":12},"end":{"line":177,"column":46},"skip":true},"50":{"start":{"line":180,"column":8},"end":{"line":189,"column":10},"skip":true},"51":{"start":{"line":187,"column":12},"end":{"line":187,"column":94},"skip":true},"52":{"start":{"line":188,"column":12},"end":{"line":188,"column":48},"skip":true},"53":{"start":{"line":192,"column":8},"end":{"line":192,"column":35},"skip":true},"54":{"start":{"line":193,"column":8},"end":{"line":193,"column":14},"skip":true}},"branchMap":{"1":{"line":25,"type":"binary-expr","locations":[{"start":{"line":25,"column":23},"end":{"line":25,"column":62}},{"start":{"line":26,"column":20},"end":{"line":26,"column":70}},{"start":{"line":27,"column":20},"end":{"line":27,"column":71}},{"start":{"line":28,"column":20},"end":{"line":28,"column":29}}]},"2":{"line":30,"type":"binary-expr","locations":[{"start":{"line":30,"column":23},"end":{"line":30,"column":37}},{"start":{"line":31,"column":20},"end":{"line":31,"column":61}},{"start":{"line":32,"column":20},"end":{"line":32,"column":70}},{"start":{"line":33,"column":20},"end":{"line":33,"column":26}}]},"3":{"line":37,"type":"cond-expr","locations":[{"start":{"line":38,"column":14},"end":{"line":38,"column":20}},{"start":{"line":39,"column":14},"end":{"line":39,"column":20}}]},"4":{"line":40,"type":"switch","locations":[{"start":{"line":42,"column":8},"end":{"line":47,"column":18}},{"start":{"line":49,"column":8},"end":{"line":52,"column":18}}]},"5":{"line":44,"type":"binary-expr","locations":[{"start":{"line":44,"column":16},"end":{"line":44,"column":44}},{"start":{"line":44,"column":48},"end":{"line":44,"column":66}}]},"6":{"line":50,"type":"binary-expr","locations":[{"start":{"line":50,"column":21},"end":{"line":50,"column":49}},{"start":{"line":50,"column":53},"end":{"line":50,"column":72}}]},"7":{"line":64,"type":"switch","locations":[{"start":{"line":69,"column":4},"end":{"line":70,"column":14}},{"start":{"line":75,"column":4},"end":{"line":76,"column":14}}]},"8":{"line":85,"type":"switch","locations":[{"start":{"line":90,"column":4},"end":{"line":105,"column":14}},{"start":{"line":111,"column":4},"end":{"line":193,"column":14},"skip":true}]},"9":{"line":91,"type":"binary-expr","locations":[{"start":{"line":91,"column":42},"end":{"line":91,"column":73}},{"start":{"line":91,"column":77},"end":{"line":99,"column":9}}]},"10":{"line":102,"type":"binary-expr","locations":[{"start":{"line":102,"column":18},"end":{"line":102,"column":32}},{"start":{"line":103,"column":12},"end":{"line":103,"column":53}},{"start":{"line":104,"column":12},"end":{"line":104,"column":61}}]},"11":{"line":112,"type":"binary-expr","locations":[{"start":{"line":112,"column":45},"end":{"line":112,"column":79},"skip":true},{"start":{"line":112,"column":83},"end":{"line":121,"column":9},"skip":true}]},"12":{"line":123,"type":"binary-expr","locations":[{"start":{"line":123,"column":42},"end":{"line":123,"column":73},"skip":true},{"start":{"line":123,"column":77},"end":{"line":136,"column":9},"skip":true}]},"13":{"line":138,"type":"binary-expr","locations":[{"start":{"line":138,"column":48},"end":{"line":138,"column":85},"skip":true},{"start":{"line":139,"column":12},"end":{"line":145,"column":13},"skip":true}]},"14":{"line":147,"type":"binary-expr","locations":[{"start":{"line":147,"column":42},"end":{"line":147,"column":73},"skip":true},{"start":{"line":147,"column":77},"end":{"line":156,"column":9},"skip":true}]},"15":{"line":158,"type":"binary-expr","locations":[{"start":{"line":158,"column":45},"end":{"line":158,"column":79},"skip":true},{"start":{"line":158,"column":83},"end":{"line":167,"column":9},"skip":true}]},"16":{"line":169,"type":"binary-expr","locations":[{"start":{"line":169,"column":43},"end":{"line":169,"column":75},"skip":true},{"start":{"line":169,"column":79},"end":{"line":178,"column":9},"skip":true}]},"17":{"line":180,"type":"binary-expr","locations":[{"start":{"line":180,"column":41},"end":{"line":180,"column":71},"skip":true},{"start":{"line":180,"column":75},"end":{"line":189,"column":9},"skip":true}]}},"code":["/* istanbul instrument in package npmtest_webdriver_manager */","/*jslint","    bitwise: true,","    browser: true,","    maxerr: 8,","    maxlen: 96,","    node: true,","    nomen: true,","    regexp: true,","    stupid: true","*/","(function () {","    'use strict';","    var local;","","","","    // run shared js-env code - pre-init","    (function () {","        // init local","        local = {};","        // init modeJs","        local.modeJs = (function () {","            try {","                return typeof navigator.userAgent === 'string' &&","                    typeof document.querySelector('body') === 'object' &&","                    typeof XMLHttpRequest.prototype.open === 'function' &&","                    'browser';","            } catch (errorCaughtBrowser) {","                return module.exports &&","                    typeof process.versions.node === 'string' &&","                    typeof require('http').createServer === 'function' &&","                    'node';","            }","        }());","        // init global","        local.global = local.modeJs === 'browser'","            ? window","            : global;","        switch (local.modeJs) {","        // re-init local from window.local","        case 'browser':","            local = local.global.utility2.objectSetDefault(","                local.global.utility2_rollup || local.global.local,","                local.global.utility2","            );","            break;","        // re-init local from example.js","        case 'node':","            local = (local.global.utility2_rollup || require('utility2'))","                .requireExampleJsFromReadme();","            break;","        }","        // export local","        local.global.local = local;","    }());","","","","    // run shared js-env code - function","    (function () {","        return;","    }());","    switch (local.modeJs) {","","","","    // run browser js-env code - function","    case 'browser':","        break;","","","","    // run node js-env code - function","    case 'node':","        break;","    }","","","","    // run shared js-env code - post-init","    (function () {","        return;","    }());","    switch (local.modeJs) {","","","","    // run browser js-env code - post-init","    case 'browser':","        local.testCase_browser_nullCase = local.testCase_browser_nullCase || function (","            options,","            onError","        ) {","        /*","         * this function will test browsers's null-case handling-behavior-behavior","         */","            onError(null, options);","        };","","        // run tests","        local.nop(local.modeTest &&","            document.querySelector('#testRunButton1') &&","            document.querySelector('#testRunButton1').click());","        break;","","","","    // run node js-env code - post-init","    /* istanbul ignore next */","    case 'node':","        local.testCase_buildApidoc_default = local.testCase_buildApidoc_default || function (","            options,","            onError","        ) {","        /*","         * this function will test buildApidoc's default handling-behavior-behavior","         */","            options = { modulePathList: module.paths };","            local.buildApidoc(options, onError);","        };","","        local.testCase_buildApp_default = local.testCase_buildApp_default || function (","            options,","            onError","        ) {","        /*","         * this function will test buildApp's default handling-behavior-behavior","         */","            local.testCase_buildReadme_default(options, local.onErrorThrow);","            local.testCase_buildLib_default(options, local.onErrorThrow);","            local.testCase_buildTest_default(options, local.onErrorThrow);","            local.testCase_buildCustomOrg_default(options, local.onErrorThrow);","            options = [];","            local.buildApp(options, onError);","        };","","        local.testCase_buildCustomOrg_default = local.testCase_buildCustomOrg_default ||","            function (options, onError) {","            /*","             * this function will test buildCustomOrg's default handling-behavior","             */","                options = {};","                local.buildCustomOrg(options, onError);","            };","","        local.testCase_buildLib_default = local.testCase_buildLib_default || function (","            options,","            onError","        ) {","        /*","         * this function will test buildLib's default handling-behavior","         */","            options = {};","            local.buildLib(options, onError);","        };","","        local.testCase_buildReadme_default = local.testCase_buildReadme_default || function (","            options,","            onError","        ) {","        /*","         * this function will test buildReadme's default handling-behavior-behavior","         */","            options = {};","            local.buildReadme(options, onError);","        };","","        local.testCase_buildTest_default = local.testCase_buildTest_default || function (","            options,","            onError","        ) {","        /*","         * this function will test buildTest's default handling-behavior","         */","            options = {};","            local.buildTest(options, onError);","        };","","        local.testCase_webpage_default = local.testCase_webpage_default || function (","            options,","            onError","        ) {","        /*","         * this function will test webpage's default handling-behavior","         */","            options = { modeCoverageMerge: true, url: local.serverLocalHost + '?modeTest=1' };","            local.browserTest(options, onError);","        };","","        // run test-server","        local.testRunServer(local);","        break;","    }","}());",""],"l":{"12":2,"14":2,"19":2,"21":2,"23":2,"24":2,"25":2,"30":1,"37":2,"40":2,"43":1,"47":1,"50":1,"52":1,"55":2,"61":2,"62":2,"64":2,"70":1,"76":1,"82":2,"83":2,"85":2,"91":1,"98":1,"102":1,"105":1,"112":1,"119":1,"120":1,"123":1,"130":1,"131":1,"132":1,"133":1,"134":1,"135":1,"138":1,"143":2,"144":2,"147":1,"154":2,"155":2,"158":1,"165":2,"166":2,"169":1,"176":2,"177":2,"180":1,"187":1,"188":1,"192":1,"193":1}},"/home/travis/build/npmtest/node-npmtest-webdriver-manager/lib.npmtest_webdriver_manager.js":{"path":"/home/travis/build/npmtest/node-npmtest-webdriver-manager/lib.npmtest_webdriver_manager.js","s":{"1":2,"2":2,"3":2,"4":2,"5":2,"6":2,"7":2,"8":1,"9":2,"10":2,"11":2,"12":2,"13":1,"14":1,"15":1,"16":1},"b":{"1":[2,1,1,1],"2":[1,1,1,1],"3":[1,1],"4":[2,2],"5":[1,1]},"f":{"1":2,"2":2,"3":2},"fnMap":{"1":{"name":"(anonymous_1)","line":12,"loc":{"start":{"line":12,"column":1},"end":{"line":12,"column":13}}},"2":{"name":"(anonymous_2)","line":19,"loc":{"start":{"line":19,"column":5},"end":{"line":19,"column":17}}},"3":{"name":"(anonymous_3)","line":23,"loc":{"start":{"line":23,"column":24},"end":{"line":23,"column":36}}}},"statementMap":{"1":{"start":{"line":12,"column":0},"end":{"line":53,"column":5}},"2":{"start":{"line":14,"column":4},"end":{"line":14,"column":14}},"3":{"start":{"line":19,"column":4},"end":{"line":52,"column":9}},"4":{"start":{"line":21,"column":8},"end":{"line":21,"column":19}},"5":{"start":{"line":23,"column":8},"end":{"line":35,"column":13}},"6":{"start":{"line":24,"column":12},"end":{"line":34,"column":13}},"7":{"start":{"line":25,"column":16},"end":{"line":28,"column":30}},"8":{"start":{"line":30,"column":16},"end":{"line":33,"column":27}},"9":{"start":{"line":37,"column":8},"end":{"line":39,"column":21}},"10":{"start":{"line":41,"column":8},"end":{"line":41,"column":54}},"11":{"start":{"line":43,"column":8},"end":{"line":43,"column":62}},"12":{"start":{"line":45,"column":8},"end":{"line":51,"column":9}},"13":{"start":{"line":46,"column":12},"end":{"line":46,"column":68}},"14":{"start":{"line":48,"column":12},"end":{"line":48,"column":35}},"15":{"start":{"line":49,"column":12},"end":{"line":49,"column":49}},"16":{"start":{"line":50,"column":12},"end":{"line":50,"column":43}}},"branchMap":{"1":{"line":25,"type":"binary-expr","locations":[{"start":{"line":25,"column":23},"end":{"line":25,"column":62}},{"start":{"line":26,"column":20},"end":{"line":26,"column":70}},{"start":{"line":27,"column":20},"end":{"line":27,"column":71}},{"start":{"line":28,"column":20},"end":{"line":28,"column":29}}]},"2":{"line":30,"type":"binary-expr","locations":[{"start":{"line":30,"column":23},"end":{"line":30,"column":37}},{"start":{"line":31,"column":20},"end":{"line":31,"column":61}},{"start":{"line":32,"column":20},"end":{"line":32,"column":70}},{"start":{"line":33,"column":20},"end":{"line":33,"column":26}}]},"3":{"line":37,"type":"cond-expr","locations":[{"start":{"line":38,"column":14},"end":{"line":38,"column":20}},{"start":{"line":39,"column":14},"end":{"line":39,"column":20}}]},"4":{"line":41,"type":"binary-expr","locations":[{"start":{"line":41,"column":16},"end":{"line":41,"column":44}},{"start":{"line":41,"column":48},"end":{"line":41,"column":53}}]},"5":{"line":45,"type":"if","locations":[{"start":{"line":45,"column":8},"end":{"line":45,"column":8}},{"start":{"line":45,"column":8},"end":{"line":45,"column":8}}]}},"code":["/* istanbul instrument in package npmtest_webdriver_manager */","/*jslint","    bitwise: true,","    browser: true,","    maxerr: 8,","    maxlen: 96,","    node: true,","    nomen: true,","    regexp: true,","    stupid: true","*/","(function () {","    'use strict';","    var local;","","","","    // run shared js-env code - pre-init","    (function () {","        // init local","        local = {};","        // init modeJs","        local.modeJs = (function () {","            try {","                return typeof navigator.userAgent === 'string' &&","                    typeof document.querySelector('body') === 'object' &&","                    typeof XMLHttpRequest.prototype.open === 'function' &&","                    'browser';","            } catch (errorCaughtBrowser) {","                return module.exports &&","                    typeof process.versions.node === 'string' &&","                    typeof require('http').createServer === 'function' &&","                    'node';","            }","        }());","        // init global","        local.global = local.modeJs === 'browser'","            ? window","            : global;","        // init utility2_rollup","        local = local.global.utility2_rollup || local;","        // init lib","        local.local = local.npmtest_webdriver_manager = local;","        // init exports","        if (local.modeJs === 'browser') {","            local.global.utility2_npmtest_webdriver_manager = local;","        } else {","            module.exports = local;","            module.exports.__dirname = __dirname;","            module.exports.module = module;","        }","    }());","}());",""],"l":{"12":2,"14":2,"19":2,"21":2,"23":2,"24":2,"25":2,"30":1,"37":2,"41":2,"43":2,"45":2,"46":1,"48":1,"49":1,"50":1}},"/home/travis/build/npmtest/node-npmtest-webdriver-manager/example.js":{"path":"/home/travis/build/npmtest/node-npmtest-webdriver-manager/example.js","s":{"1":2,"2":2,"3":2,"4":2,"5":2,"6":2,"7":2,"8":1,"9":2,"10":2,"11":2,"12":2,"13":1,"14":2,"15":2,"16":2,"17":2,"18":2,"19":0,"20":2,"21":1,"22":1,"23":1,"24":1,"25":1,"26":0,"27":0,"28":1,"29":1,"30":2,"31":0,"32":0,"33":0,"34":1,"35":2,"36":2,"37":3,"38":3,"39":3,"40":3,"41":0,"42":3,"43":3,"44":3,"45":1,"46":3,"47":1,"48":1,"49":1,"50":1,"51":1,"52":1,"53":1,"54":1,"55":1,"56":1,"57":0,"58":1,"59":6,"60":6,"61":1,"62":2,"63":0,"64":2,"65":1,"66":1,"67":0,"68":0,"69":0,"70":0,"71":0,"72":0,"73":0,"74":0,"75":0,"76":0,"77":0,"78":0,"79":0,"80":0,"81":0,"82":0,"83":0},"b":{"1":[2,1,1,1],"2":[1,1,1,1],"3":[1,1],"4":[2,2],"5":[1,1],"6":[1,1],"7":[2,0],"8":[2,1,1,1,1,1],"9":[0,2,0],"10":[1,1],"11":[2,1,1],"12":[1,0],"13":[0,2],"14":[2,0,0,0,0,0,0],"15":[0,3],"16":[3,0],"17":[1,1],"18":[0,1],"19":[1,2,0,2],"20":[1,0],"21":[1,1],"22":[0,0],"23":[0,0],"24":[0,0],"25":[0,0],"26":[0,0],"27":[0,0],"28":[0,0]},"f":{"1":2,"2":2,"3":2,"4":2,"5":2,"6":2,"7":3,"8":3,"9":3,"10":1,"11":6,"12":0},"fnMap":{"1":{"name":"(anonymous_1)","line":26,"loc":{"start":{"line":26,"column":1},"end":{"line":26,"column":13}}},"2":{"name":"(anonymous_2)","line":33,"loc":{"start":{"line":33,"column":5},"end":{"line":33,"column":17}}},"3":{"name":"(anonymous_3)","line":37,"loc":{"start":{"line":37,"column":24},"end":{"line":37,"column":36}}},"4":{"name":"(anonymous_4)","line":69,"loc":{"start":{"line":69,"column":31},"end":{"line":69,"column":48}},"skip":true},"5":{"name":"(anonymous_5)","line":78,"loc":{"start":{"line":78,"column":26},"end":{"line":78,"column":45}},"skip":true},"6":{"name":"(anonymous_6)","line":123,"loc":{"start":{"line":123,"column":33},"end":{"line":123,"column":48}},"skip":true},"7":{"name":"(anonymous_7)","line":125,"loc":{"start":{"line":125,"column":27},"end":{"line":125,"column":39}},"skip":true},"8":{"name":"(anonymous_8)","line":133,"loc":{"start":{"line":133,"column":59},"end":{"line":133,"column":74}},"skip":true},"9":{"name":"(anonymous_9)","line":143,"loc":{"start":{"line":143,"column":45},"end":{"line":143,"column":62}},"skip":true},"10":{"name":"(anonymous_10)","line":144,"loc":{"start":{"line":144,"column":73},"end":{"line":144,"column":92}},"skip":true},"11":{"name":"(anonymous_11)","line":272,"loc":{"start":{"line":272,"column":51},"end":{"line":272,"column":77}},"skip":true},"12":{"name":"(anonymous_12)","line":315,"loc":{"start":{"line":315,"column":32},"end":{"line":315,"column":61}},"skip":true}},"statementMap":{"1":{"start":{"line":26,"column":0},"end":{"line":326,"column":5}},"2":{"start":{"line":28,"column":4},"end":{"line":28,"column":14}},"3":{"start":{"line":33,"column":4},"end":{"line":60,"column":9}},"4":{"start":{"line":35,"column":8},"end":{"line":35,"column":19}},"5":{"start":{"line":37,"column":8},"end":{"line":49,"column":13}},"6":{"start":{"line":38,"column":12},"end":{"line":48,"column":13}},"7":{"start":{"line":39,"column":16},"end":{"line":42,"column":30}},"8":{"start":{"line":44,"column":16},"end":{"line":47,"column":27}},"9":{"start":{"line":51,"column":8},"end":{"line":53,"column":21}},"10":{"start":{"line":55,"column":8},"end":{"line":57,"column":45}},"11":{"start":{"line":59,"column":8},"end":{"line":59,"column":35}},"12":{"start":{"line":61,"column":4},"end":{"line":325,"column":5}},"13":{"start":{"line":69,"column":8},"end":{"line":121,"column":10},"skip":true},"14":{"start":{"line":70,"column":12},"end":{"line":88,"column":13},"skip":true},"15":{"start":{"line":76,"column":16},"end":{"line":87,"column":19},"skip":true},"16":{"start":{"line":79,"column":20},"end":{"line":86,"column":21},"skip":true},"17":{"start":{"line":82,"column":24},"end":{"line":82,"column":43},"skip":true},"18":{"start":{"line":83,"column":24},"end":{"line":83,"column":30},"skip":true},"19":{"start":{"line":85,"column":24},"end":{"line":85,"column":49},"skip":true},"20":{"start":{"line":89,"column":12},"end":{"line":107,"column":13},"skip":true},"21":{"start":{"line":92,"column":16},"end":{"line":102,"column":17},"skip":true},"22":{"start":{"line":93,"column":20},"end":{"line":93,"column":86},"skip":true},"23":{"start":{"line":94,"column":20},"end":{"line":95,"column":45},"skip":true},"24":{"start":{"line":96,"column":20},"end":{"line":96,"column":42},"skip":true},"25":{"start":{"line":97,"column":20},"end":{"line":97,"column":48},"skip":true},"26":{"start":{"line":100,"column":20},"end":{"line":100,"column":85},"skip":true},"27":{"start":{"line":101,"column":20},"end":{"line":101,"column":96},"skip":true},"28":{"start":{"line":103,"column":16},"end":{"line":103,"column":22},"skip":true},"29":{"start":{"line":106,"column":16},"end":{"line":106,"column":22},"skip":true},"30":{"start":{"line":108,"column":12},"end":{"line":120,"column":13},"skip":true},"31":{"start":{"line":114,"column":16},"end":{"line":119,"column":17},"skip":true},"32":{"start":{"line":116,"column":20},"end":{"line":116,"column":78},"skip":true},"33":{"start":{"line":118,"column":20},"end":{"line":118,"column":47},"skip":true},"34":{"start":{"line":123,"column":8},"end":{"line":141,"column":11},"skip":true},"35":{"start":{"line":124,"column":12},"end":{"line":124,"column":54},"skip":true},"36":{"start":{"line":125,"column":12},"end":{"line":140,"column":14},"skip":true},"37":{"start":{"line":126,"column":16},"end":{"line":126,"column":28},"skip":true},"38":{"start":{"line":127,"column":16},"end":{"line":127,"column":69},"skip":true},"39":{"start":{"line":128,"column":16},"end":{"line":128,"column":75},"skip":true},"40":{"start":{"line":129,"column":16},"end":{"line":131,"column":17},"skip":true},"41":{"start":{"line":130,"column":20},"end":{"line":130,"column":27},"skip":true},"42":{"start":{"line":133,"column":16},"end":{"line":137,"column":36},"skip":true},"43":{"start":{"line":134,"column":20},"end":{"line":136,"column":55},"skip":true},"44":{"start":{"line":139,"column":16},"end":{"line":139,"column":57},"skip":true},"45":{"start":{"line":143,"column":8},"end":{"line":147,"column":11},"skip":true},"46":{"start":{"line":144,"column":12},"end":{"line":146,"column":15},"skip":true},"47":{"start":{"line":145,"column":16},"end":{"line":145,"column":70},"skip":true},"48":{"start":{"line":149,"column":8},"end":{"line":149,"column":31},"skip":true},"49":{"start":{"line":150,"column":8},"end":{"line":150,"column":14},"skip":true},"50":{"start":{"line":158,"column":8},"end":{"line":158,"column":31},"skip":true},"51":{"start":{"line":160,"column":8},"end":{"line":160,"column":33},"skip":true},"52":{"start":{"line":161,"column":8},"end":{"line":161,"column":37},"skip":true},"53":{"start":{"line":162,"column":8},"end":{"line":162,"column":35},"skip":true},"54":{"start":{"line":164,"column":8},"end":{"line":164,"column":50},"skip":true},"55":{"start":{"line":166,"column":8},"end":{"line":256,"column":2},"skip":true},"56":{"start":{"line":258,"column":8},"end":{"line":286,"column":9},"skip":true},"57":{"start":{"line":259,"column":12},"end":{"line":269,"column":14},"skip":true},"58":{"start":{"line":271,"column":12},"end":{"line":285,"column":19},"skip":true},"59":{"start":{"line":274,"column":20},"end":{"line":274,"column":35},"skip":true},"60":{"start":{"line":275,"column":20},"end":{"line":284,"column":21},"skip":true},"61":{"start":{"line":277,"column":24},"end":{"line":277,"column":64},"skip":true},"62":{"start":{"line":279,"column":24},"end":{"line":279,"column":40},"skip":true},"63":{"start":{"line":281,"column":24},"end":{"line":281,"column":40},"skip":true},"64":{"start":{"line":283,"column":24},"end":{"line":283,"column":39},"skip":true},"65":{"start":{"line":288,"column":8},"end":{"line":290,"column":9},"skip":true},"66":{"start":{"line":289,"column":12},"end":{"line":289,"column":18},"skip":true},"67":{"start":{"line":291,"column":8},"end":{"line":293,"column":54},"skip":true},"68":{"start":{"line":296,"column":8},"end":{"line":301,"column":37},"skip":true},"69":{"start":{"line":303,"column":8},"end":{"line":303,"column":82},"skip":true},"70":{"start":{"line":306,"column":8},"end":{"line":308,"column":9},"skip":true},"71":{"start":{"line":307,"column":12},"end":{"line":307,"column":82},"skip":true},"72":{"start":{"line":310,"column":8},"end":{"line":312,"column":9},"skip":true},"73":{"start":{"line":311,"column":12},"end":{"line":311,"column":18},"skip":true},"74":{"start":{"line":313,"column":8},"end":{"line":313,"column":54},"skip":true},"75":{"start":{"line":314,"column":8},"end":{"line":314,"column":69},"skip":true},"76":{"start":{"line":315,"column":8},"end":{"line":323,"column":36},"skip":true},"77":{"start":{"line":316,"column":12},"end":{"line":316,"column":61},"skip":true},"78":{"start":{"line":317,"column":12},"end":{"line":320,"column":13},"skip":true},"79":{"start":{"line":318,"column":16},"end":{"line":318,"column":75},"skip":true},"80":{"start":{"line":319,"column":16},"end":{"line":319,"column":23},"skip":true},"81":{"start":{"line":321,"column":12},"end":{"line":321,"column":38},"skip":true},"82":{"start":{"line":322,"column":12},"end":{"line":322,"column":27},"skip":true},"83":{"start":{"line":324,"column":8},"end":{"line":324,"column":14},"skip":true}},"branchMap":{"1":{"line":39,"type":"binary-expr","locations":[{"start":{"line":39,"column":23},"end":{"line":39,"column":62}},{"start":{"line":40,"column":20},"end":{"line":40,"column":70}},{"start":{"line":41,"column":20},"end":{"line":41,"column":71}},{"start":{"line":42,"column":20},"end":{"line":42,"column":29}}]},"2":{"line":44,"type":"binary-expr","locations":[{"start":{"line":44,"column":23},"end":{"line":44,"column":37}},{"start":{"line":45,"column":20},"end":{"line":45,"column":61}},{"start":{"line":46,"column":20},"end":{"line":46,"column":70}},{"start":{"line":47,"column":20},"end":{"line":47,"column":26}}]},"3":{"line":51,"type":"cond-expr","locations":[{"start":{"line":52,"column":14},"end":{"line":52,"column":20}},{"start":{"line":53,"column":14},"end":{"line":53,"column":20}}]},"4":{"line":55,"type":"binary-expr","locations":[{"start":{"line":55,"column":16},"end":{"line":55,"column":44}},{"start":{"line":55,"column":49},"end":{"line":57,"column":43}}]},"5":{"line":55,"type":"cond-expr","locations":[{"start":{"line":56,"column":14},"end":{"line":56,"column":61}},{"start":{"line":57,"column":14},"end":{"line":57,"column":43}}]},"6":{"line":61,"type":"switch","locations":[{"start":{"line":68,"column":4},"end":{"line":150,"column":14},"skip":true},{"start":{"line":156,"column":4},"end":{"line":324,"column":14},"skip":true}]},"7":{"line":70,"type":"if","locations":[{"start":{"line":70,"column":12},"end":{"line":70,"column":12},"skip":true},{"start":{"line":70,"column":12},"end":{"line":70,"column":12},"skip":true}]},"8":{"line":70,"type":"binary-expr","locations":[{"start":{"line":70,"column":16},"end":{"line":70,"column":22},"skip":true},{"start":{"line":70,"column":27},"end":{"line":70,"column":32},"skip":true},{"start":{"line":71,"column":20},"end":{"line":71,"column":39},"skip":true},{"start":{"line":72,"column":20},"end":{"line":72,"column":49},"skip":true},{"start":{"line":73,"column":20},"end":{"line":73,"column":58},"skip":true},{"start":{"line":74,"column":20},"end":{"line":74,"column":69},"skip":true}]},"9":{"line":79,"type":"switch","locations":[{"start":{"line":80,"column":20},"end":{"line":80,"column":33},"skip":true},{"start":{"line":81,"column":20},"end":{"line":83,"column":30},"skip":true},{"start":{"line":84,"column":20},"end":{"line":85,"column":49},"skip":true}]},"10":{"line":89,"type":"switch","locations":[{"start":{"line":90,"column":12},"end":{"line":103,"column":22},"skip":true},{"start":{"line":105,"column":12},"end":{"line":106,"column":22},"skip":true}]},"11":{"line":89,"type":"binary-expr","locations":[{"start":{"line":89,"column":20},"end":{"line":89,"column":25},"skip":true},{"start":{"line":89,"column":29},"end":{"line":89,"column":48},"skip":true},{"start":{"line":89,"column":52},"end":{"line":89,"column":74},"skip":true}]},"12":{"line":92,"type":"if","locations":[{"start":{"line":92,"column":16},"end":{"line":92,"column":16},"skip":true},{"start":{"line":92,"column":16},"end":{"line":92,"column":16},"skip":true}]},"13":{"line":108,"type":"if","locations":[{"start":{"line":108,"column":12},"end":{"line":108,"column":12},"skip":true},{"start":{"line":108,"column":12},"end":{"line":108,"column":12},"skip":true}]},"14":{"line":108,"type":"binary-expr","locations":[{"start":{"line":108,"column":16},"end":{"line":108,"column":61},"skip":true},{"start":{"line":108,"column":66},"end":{"line":108,"column":72},"skip":true},{"start":{"line":108,"column":77},"end":{"line":108,"column":82},"skip":true},{"start":{"line":109,"column":20},"end":{"line":109,"column":39},"skip":true},{"start":{"line":110,"column":20},"end":{"line":110,"column":49},"skip":true},{"start":{"line":111,"column":20},"end":{"line":111,"column":58},"skip":true},{"start":{"line":112,"column":20},"end":{"line":112,"column":68},"skip":true}]},"15":{"line":129,"type":"if","locations":[{"start":{"line":129,"column":16},"end":{"line":129,"column":16},"skip":true},{"start":{"line":129,"column":16},"end":{"line":129,"column":16},"skip":true}]},"16":{"line":134,"type":"cond-expr","locations":[{"start":{"line":135,"column":26},"end":{"line":135,"column":29},"skip":true},{"start":{"line":136,"column":26},"end":{"line":136,"column":54},"skip":true}]},"17":{"line":164,"type":"binary-expr","locations":[{"start":{"line":164,"column":27},"end":{"line":164,"column":43},"skip":true},{"start":{"line":164,"column":47},"end":{"line":164,"column":49},"skip":true}]},"18":{"line":258,"type":"if","locations":[{"start":{"line":258,"column":8},"end":{"line":258,"column":8},"skip":true},{"start":{"line":258,"column":8},"end":{"line":258,"column":8},"skip":true}]},"19":{"line":275,"type":"switch","locations":[{"start":{"line":276,"column":20},"end":{"line":277,"column":64},"skip":true},{"start":{"line":278,"column":20},"end":{"line":279,"column":40},"skip":true},{"start":{"line":280,"column":20},"end":{"line":281,"column":40},"skip":true},{"start":{"line":282,"column":20},"end":{"line":283,"column":39},"skip":true}]},"20":{"line":288,"type":"if","locations":[{"start":{"line":288,"column":8},"end":{"line":288,"column":8},"skip":true},{"start":{"line":288,"column":8},"end":{"line":288,"column":8},"skip":true}]},"21":{"line":288,"type":"binary-expr","locations":[{"start":{"line":288,"column":12},"end":{"line":288,"column":40},"skip":true},{"start":{"line":288,"column":44},"end":{"line":288,"column":67},"skip":true}]},"22":{"line":292,"type":"binary-expr","locations":[{"start":{"line":292,"column":12},"end":{"line":292,"column":50},"skip":true},{"start":{"line":293,"column":12},"end":{"line":293,"column":53},"skip":true}]},"23":{"line":297,"type":"binary-expr","locations":[{"start":{"line":297,"column":12},"end":{"line":297,"column":75},"skip":true},{"start":{"line":298,"column":12},"end":{"line":301,"column":36},"skip":true}]},"24":{"line":303,"type":"binary-expr","locations":[{"start":{"line":303,"column":43},"end":{"line":303,"column":75},"skip":true},{"start":{"line":303,"column":79},"end":{"line":303,"column":81},"skip":true}]},"25":{"line":306,"type":"if","locations":[{"start":{"line":306,"column":8},"end":{"line":306,"column":8},"skip":true},{"start":{"line":306,"column":8},"end":{"line":306,"column":8},"skip":true}]},"26":{"line":310,"type":"if","locations":[{"start":{"line":310,"column":8},"end":{"line":310,"column":8},"skip":true},{"start":{"line":310,"column":8},"end":{"line":310,"column":8},"skip":true}]},"27":{"line":313,"type":"binary-expr","locations":[{"start":{"line":313,"column":27},"end":{"line":313,"column":43},"skip":true},{"start":{"line":313,"column":47},"end":{"line":313,"column":53},"skip":true}]},"28":{"line":317,"type":"if","locations":[{"start":{"line":317,"column":12},"end":{"line":317,"column":12},"skip":true},{"start":{"line":317,"column":12},"end":{"line":317,"column":12},"skip":true}]}},"code":["/*","example.js","","quickstart example","","instruction","    1. save this script as example.js","    2. run the shell command:","        $ npm install npmtest-webdriver-manager && PORT=8081 node example.js","    3. play with the browser-demo on http://127.0.0.1:8081","*/","","","","/* istanbul instrument in package npmtest_webdriver_manager */","/*jslint","    bitwise: true,","    browser: true,","    maxerr: 8,","    maxlen: 96,","    node: true,","    nomen: true,","    regexp: true,","    stupid: true","*/","(function () {","    'use strict';","    var local;","","","","    // run shared js-env code - pre-init","    (function () {","        // init local","        local = {};","        // init modeJs","        local.modeJs = (function () {","            try {","                return typeof navigator.userAgent === 'string' &&","                    typeof document.querySelector('body') === 'object' &&","                    typeof XMLHttpRequest.prototype.open === 'function' &&","                    'browser';","            } catch (errorCaughtBrowser) {","                return module.exports &&","                    typeof process.versions.node === 'string' &&","                    typeof require('http').createServer === 'function' &&","                    'node';","            }","        }());","        // init global","        local.global = local.modeJs === 'browser'","            ? window","            : global;","        // init utility2_rollup","        local = local.global.utility2_rollup || (local.modeJs === 'browser'","            ? local.global.utility2_npmtest_webdriver_manager","            : global.utility2_moduleExports);","        // export local","        local.global.local = local;","    }());","    switch (local.modeJs) {","","","","    // post-init","    // run browser js-env code - post-init","    /* istanbul ignore next */","    case 'browser':","        local.testRunBrowser = function (event) {","            if (!event || (event &&","                    event.currentTarget &&","                    event.currentTarget.className &&","                    event.currentTarget.className.includes &&","                    event.currentTarget.className.includes('onreset'))) {","                // reset output","                Array.from(","                    document.querySelectorAll('body > .resettable')","                ).forEach(function (element) {","                    switch (element.tagName) {","                    case 'INPUT':","                    case 'TEXTAREA':","                        element.value = '';","                        break;","                    default:","                        element.textContent = '';","                    }","                });","            }","            switch (event && event.currentTarget && event.currentTarget.id) {","            case 'testRunButton1':","                // show tests","                if (document.querySelector('#testReportDiv1').style.display === 'none') {","                    document.querySelector('#testReportDiv1').style.display = 'block';","                    document.querySelector('#testRunButton1').textContent =","                        'hide internal test';","                    local.modeTest = true;","                    local.testRunDefault(local);","                // hide tests","                } else {","                    document.querySelector('#testReportDiv1').style.display = 'none';","                    document.querySelector('#testRunButton1').textContent = 'run internal test';","                }","                break;","            // custom-case","            default:","                break;","            }","            if (document.querySelector('#inputTextareaEval1') && (!event || (event &&","                    event.currentTarget &&","                    event.currentTarget.className &&","                    event.currentTarget.className.includes &&","                    event.currentTarget.className.includes('oneval')))) {","                // try to eval input-code","                try {","                    /*jslint evil: true*/","                    eval(document.querySelector('#inputTextareaEval1').value);","                } catch (errorCaught) {","                    console.error(errorCaught);","                }","            }","        };","        // log stderr and stdout to #outputTextareaStdout1","        ['error', 'log'].forEach(function (key) {","            console[key + '_original'] = console[key];","            console[key] = function () {","                var element;","                console[key + '_original'].apply(console, arguments);","                element = document.querySelector('#outputTextareaStdout1');","                if (!element) {","                    return;","                }","                // append text to #outputTextareaStdout1","                element.value += Array.from(arguments).map(function (arg) {","                    return typeof arg === 'string'","                        ? arg","                        : JSON.stringify(arg, null, 4);","                }).join(' ') + '\\n';","                // scroll textarea to bottom","                element.scrollTop = element.scrollHeight;","            };","        });","        // init event-handling","        ['change', 'click', 'keyup'].forEach(function (event) {","            Array.from(document.querySelectorAll('.on' + event)).forEach(function (element) {","                element.addEventListener(event, local.testRunBrowser);","            });","        });","        // run tests","        local.testRunBrowser();","        break;","","","","    // run node js-env code - post-init","    /* istanbul ignore next */","    case 'node':","        // export local","        module.exports = local;","        // require modules","        local.fs = require('fs');","        local.http = require('http');","        local.url = require('url');","        // init assets","        local.assetsDict = local.assetsDict || {};","        /* jslint-ignore-begin */","        local.assetsDict['/assets.index.template.html'] = '\\","<!doctype html>\\n\\","<html lang=\"en\">\\n\\","<head>\\n\\","<meta charset=\"UTF-8\">\\n\\","<meta name=\"viewport\" content=\"width=device-width, initial-scale=1\">\\n\\","<title>{{env.npm_package_name}} (v{{env.npm_package_version}})</title>\\n\\","<style>\\n\\","/*csslint\\n\\","    box-sizing: false,\\n\\","    universal-selector: false\\n\\","*/\\n\\","* {\\n\\","    box-sizing: border-box;\\n\\","}\\n\\","body {\\n\\","    background: #dde;\\n\\","    font-family: Arial, Helvetica, sans-serif;\\n\\","    margin: 2rem;\\n\\","}\\n\\","body > * {\\n\\","    margin-bottom: 1rem;\\n\\","}\\n\\",".utility2FooterDiv {\\n\\","    margin-top: 20px;\\n\\","    text-align: center;\\n\\","}\\n\\","</style>\\n\\","<style>\\n\\","/*csslint\\n\\","*/\\n\\","textarea {\\n\\","    font-family: monospace;\\n\\","    height: 10rem;\\n\\","    width: 100%;\\n\\","}\\n\\","textarea[readonly] {\\n\\","    background: #ddd;\\n\\","}\\n\\","</style>\\n\\","</head>\\n\\","<body>\\n\\","<!-- utility2-comment\\n\\","<div id=\"ajaxProgressDiv1\" style=\"background: #d00; height: 2px; left: 0; margin: 0; padding: 0; position: fixed; top: 0; transition: background 0.5s, width 1.5s; width: 25%;\"></div>\\n\\","utility2-comment -->\\n\\","<h1>\\n\\","<!-- utility2-comment\\n\\","    <a\\n\\","        {{#if env.npm_package_homepage}}\\n\\","        href=\"{{env.npm_package_homepage}}\"\\n\\","        {{/if env.npm_package_homepage}}\\n\\","        target=\"_blank\"\\n\\","    >\\n\\","utility2-comment -->\\n\\","        {{env.npm_package_name}} (v{{env.npm_package_version}})\\n\\","<!-- utility2-comment\\n\\","    </a>\\n\\","utility2-comment -->\\n\\","</h1>\\n\\","<h3>{{env.npm_package_description}}</h3>\\n\\","<!-- utility2-comment\\n\\","<h4><a download href=\"assets.app.js\">download standalone app</a></h4>\\n\\","<button class=\"onclick onreset\" id=\"testRunButton1\">run internal test</button><br>\\n\\","<div id=\"testReportDiv1\" style=\"display: none;\"></div>\\n\\","utility2-comment -->\\n\\","\\n\\","\\n\\","\\n\\","<label>stderr and stdout</label>\\n\\","<textarea class=\"resettable\" id=\"outputTextareaStdout1\" readonly></textarea>\\n\\","<!-- utility2-comment\\n\\","{{#if isRollup}}\\n\\","<script src=\"assets.app.js\"></script>\\n\\","{{#unless isRollup}}\\n\\","utility2-comment -->\\n\\","<script src=\"assets.utility2.rollup.js\"></script>\\n\\","<script src=\"jsonp.utility2._stateInit?callback=window.utility2._stateInit\"></script>\\n\\","<script src=\"assets.npmtest_webdriver_manager.rollup.js\"></script>\\n\\","<script src=\"assets.example.js\"></script>\\n\\","<script src=\"assets.test.js\"></script>\\n\\","<!-- utility2-comment\\n\\","{{/if isRollup}}\\n\\","utility2-comment -->\\n\\","<div class=\"utility2FooterDiv\">\\n\\","    [ this app was created with\\n\\","    <a href=\"https://github.com/kaizhu256/node-utility2\" target=\"_blank\">utility2</a>\\n\\","    ]\\n\\","</div>\\n\\","</body>\\n\\","</html>\\n\\","';","        /* jslint-ignore-end */","        if (local.templateRender) {","            local.assetsDict['/'] = local.templateRender(","                local.assetsDict['/assets.index.template.html'],","                {","                    env: local.objectSetDefault(local.env, {","                        npm_package_description: 'the greatest app in the world!',","                        npm_package_name: 'my-app',","                        npm_package_nameAlias: 'my_app',","                        npm_package_version: '0.0.1'","                    })","                }","            );","        } else {","            local.assetsDict['/'] = local.assetsDict['/assets.index.template.html']","                .replace((/\\{\\{env\\.(\\w+?)\\}\\}/g), function (match0, match1) {","                    // jslint-hack","                    String(match0);","                    switch (match1) {","                    case 'npm_package_description':","                        return 'the greatest app in the world!';","                    case 'npm_package_name':","                        return 'my-app';","                    case 'npm_package_nameAlias':","                        return 'my_app';","                    case 'npm_package_version':","                        return '0.0.1';","                    }","                });","        }","        // run the cli","        if (local.global.utility2_rollup || module !== require.main) {","            break;","        }","        local.assetsDict['/assets.example.js'] =","            local.assetsDict['/assets.example.js'] ||","            local.fs.readFileSync(__filename, 'utf8');","        // bug-workaround - long $npm_package_buildCustomOrg","        /* jslint-ignore-begin */","        local.assetsDict['/assets.npmtest_webdriver_manager.rollup.js'] =","            local.assetsDict['/assets.npmtest_webdriver_manager.rollup.js'] ||","            local.fs.readFileSync(","                local.npmtest_webdriver_manager.__dirname + '/lib.npmtest_webdriver_manager.js',","                'utf8'","            ).replace((/^#!/), '//');","        /* jslint-ignore-end */","        local.assetsDict['/favicon.ico'] = local.assetsDict['/favicon.ico'] || '';","        // if $npm_config_timeout_exit exists,","        // then exit this process after $npm_config_timeout_exit ms","        if (Number(process.env.npm_config_timeout_exit)) {","            setTimeout(process.exit, Number(process.env.npm_config_timeout_exit));","        }","        // start server","        if (local.global.utility2_serverHttp1) {","            break;","        }","        process.env.PORT = process.env.PORT || '8081';","        console.error('server starting on port ' + process.env.PORT);","        local.http.createServer(function (request, response) {","            request.urlParsed = local.url.parse(request.url);","            if (local.assetsDict[request.urlParsed.pathname] !== undefined) {","                response.end(local.assetsDict[request.urlParsed.pathname]);","                return;","            }","            response.statusCode = 404;","            response.end();","        }).listen(process.env.PORT);","        break;","    }","}());",""],"l":{"26":2,"28":2,"33":2,"35":2,"37":2,"38":2,"39":2,"44":1,"51":2,"55":2,"59":2,"61":2,"69":1,"70":2,"76":2,"79":2,"82":2,"83":2,"85":1,"89":2,"92":1,"93":1,"94":1,"96":1,"97":1,"100":1,"101":1,"103":1,"106":1,"108":2,"114":1,"116":1,"118":1,"123":1,"124":2,"125":2,"126":3,"127":3,"128":3,"129":3,"130":1,"133":3,"134":3,"139":3,"143":1,"144":3,"145":1,"149":1,"150":1,"158":1,"160":1,"161":1,"162":1,"164":1,"166":1,"258":1,"259":1,"271":1,"274":6,"275":6,"277":1,"279":2,"281":1,"283":2,"288":1,"289":1,"291":1,"296":1,"303":1,"306":1,"307":1,"310":1,"311":1,"313":1,"314":1,"315":1,"316":1,"317":1,"318":1,"319":1,"321":1,"322":1,"324":1}},"/home/travis/build/npmtest/node-npmtest-webdriver-manager/node_modules/webdriver-manager/built/lib/webdriver.js":{"path":"/home/travis/build/npmtest/node-npmtest-webdriver-manager/node_modules/webdriver-manager/built/lib/webdriver.js","s":{"1":1,"2":1,"3":1,"4":1,"5":1,"6":1,"7":1,"8":0,"9":0,"10":0,"11":0,"12":0,"13":1},"b":{"1":[0,1],"2":[0,0],"3":[0,0],"4":[0,0,0]},"f":{},"fnMap":{},"statementMap":{"1":{"start":{"line":2,"column":0},"end":{"line":2,"column":62}},"2":{"start":{"line":3,"column":0},"end":{"line":3,"column":37}},"3":{"start":{"line":4,"column":0},"end":{"line":4,"column":49}},"4":{"start":{"line":5,"column":0},"end":{"line":5,"column":62}},"5":{"start":{"line":6,"column":0},"end":{"line":6,"column":60}},"6":{"start":{"line":7,"column":0},"end":{"line":7,"column":17}},"7":{"start":{"line":8,"column":0},"end":{"line":21,"column":1}},"8":{"start":{"line":9,"column":4},"end":{"line":17,"column":5}},"9":{"start":{"line":10,"column":8},"end":{"line":10,"column":39}},"10":{"start":{"line":12,"column":9},"end":{"line":17,"column":5}},"11":{"start":{"line":13,"column":8},"end":{"line":13,"column":56}},"12":{"start":{"line":16,"column":8},"end":{"line":16,"column":82}},"13":{"start":{"line":20,"column":4},"end":{"line":20,"column":35}}},"branchMap":{"1":{"line":8,"type":"if","locations":[{"start":{"line":8,"column":0},"end":{"line":8,"column":0}},{"start":{"line":8,"column":0},"end":{"line":8,"column":0}}]},"2":{"line":9,"type":"if","locations":[{"start":{"line":9,"column":4},"end":{"line":9,"column":4}},{"start":{"line":9,"column":4},"end":{"line":9,"column":4}}]},"3":{"line":12,"type":"if","locations":[{"start":{"line":12,"column":9},"end":{"line":12,"column":9}},{"start":{"line":12,"column":9},"end":{"line":12,"column":9}}]},"4":{"line":12,"type":"binary-expr","locations":[{"start":{"line":12,"column":13},"end":{"line":12,"column":30}},{"start":{"line":12,"column":34},"end":{"line":12,"column":46}},{"start":{"line":12,"column":50},"end":{"line":12,"column":59}}]}},"code":["\"use strict\";","Object.defineProperty(exports, \"__esModule\", { value: true });","const minimist = require(\"minimist\");","const cli_instance_1 = require(\"./cli_instance\");","let minimistOptions = cli_instance_1.cli.getMinimistOptions();","let argv = minimist(process.argv.slice(2), minimistOptions);","let cmd = argv._;","if (cli_instance_1.cli.programs[cmd[0]]) {","    if (cmd[0] === 'help') {","        cli_instance_1.cli.printHelp();","    }","    else if (cmd[1] === 'help' || argv['help'] || argv['h']) {","        cli_instance_1.cli.programs[cmd[0]].printHelp();","    }","    else {","        cli_instance_1.cli.programs[cmd[0]].run(JSON.parse(JSON.stringify(argv)));","    }","}","else {","    cli_instance_1.cli.printHelp();","}","//# sourceMappingURL=webdriver.js.map"],"l":{"2":1,"3":1,"4":1,"5":1,"6":1,"7":1,"8":1,"9":0,"10":0,"12":0,"13":0,"16":0,"20":1}},"/home/travis/build/npmtest/node-npmtest-webdriver-manager/node_modules/webdriver-manager/built/lib/cli_instance.js":{"path":"/home/travis/build/npmtest/node-npmtest-webdriver-manager/node_modules/webdriver-manager/built/lib/cli_instance.js","s":{"1":1,"2":1,"3":1,"4":1,"5":1,"6":1,"7":1,"8":1,"9":1},"b":{},"f":{},"fnMap":{},"statementMap":{"1":{"start":{"line":2,"column":0},"end":{"line":2,"column":62}},"2":{"start":{"line":3,"column":0},"end":{"line":3,"column":31}},"3":{"start":{"line":4,"column":0},"end":{"line":4,"column":38}},"4":{"start":{"line":5,"column":0},"end":{"line":5,"column":44}},"5":{"start":{"line":6,"column":0},"end":{"line":6,"column":38}},"6":{"start":{"line":7,"column":0},"end":{"line":7,"column":40}},"7":{"start":{"line":8,"column":0},"end":{"line":8,"column":40}},"8":{"start":{"line":9,"column":0},"end":{"line":9,"column":42}},"9":{"start":{"line":10,"column":0},"end":{"line":17,"column":30}}},"branchMap":{},"code":["\"use strict\";","Object.defineProperty(exports, \"__esModule\", { value: true });","const cli_1 = require(\"./cli\");","const clean = require(\"./cmds/clean\");","const shutdown = require(\"./cmds/shutdown\");","const start = require(\"./cmds/start\");","const status = require(\"./cmds/status\");","const update = require(\"./cmds/update\");","const version = require(\"./cmds/version\");","exports.cli = new cli_1.Cli()","    .usage('webdriver-manager <command> [options]')","    .program(clean.program)","    .program(start.program)","    .program(shutdown.program)","    .program(status.program)","    .program(update.program)","    .program(version.program);","//# sourceMappingURL=cli_instance.js.map"],"l":{"2":1,"3":1,"4":1,"5":1,"6":1,"7":1,"8":1,"9":1,"10":1}},"/home/travis/build/npmtest/node-npmtest-webdriver-manager/node_modules/webdriver-manager/built/lib/cli/index.js":{"path":"/home/travis/build/npmtest/node-npmtest-webdriver-manager/node_modules/webdriver-manager/built/lib/cli/index.js","s":{"1":1,"2":4,"3":7,"4":7,"5":1,"6":1,"7":1,"8":1,"9":1},"b":{"1":[7,0]},"f":{"1":4},"fnMap":{"1":{"name":"__export","line":2,"loc":{"start":{"line":2,"column":0},"end":{"line":2,"column":21}}}},"statementMap":{"1":{"start":{"line":2,"column":0},"end":{"line":4,"column":1}},"2":{"start":{"line":3,"column":4},"end":{"line":3,"column":71}},"3":{"start":{"line":3,"column":21},"end":{"line":3,"column":71}},"4":{"start":{"line":3,"column":53},"end":{"line":3,"column":71}},"5":{"start":{"line":5,"column":0},"end":{"line":5,"column":62}},"6":{"start":{"line":6,"column":0},"end":{"line":6,"column":27}},"7":{"start":{"line":7,"column":0},"end":{"line":7,"column":31}},"8":{"start":{"line":8,"column":0},"end":{"line":8,"column":32}},"9":{"start":{"line":9,"column":0},"end":{"line":9,"column":30}}},"branchMap":{"1":{"line":3,"type":"if","locations":[{"start":{"line":3,"column":21},"end":{"line":3,"column":21}},{"start":{"line":3,"column":21},"end":{"line":3,"column":21}}]}},"code":["\"use strict\";","function __export(m) {","    for (var p in m) if (!exports.hasOwnProperty(p)) exports[p] = m[p];","}","Object.defineProperty(exports, \"__esModule\", { value: true });","__export(require(\"./cli\"));","__export(require(\"./options\"));","__export(require(\"./programs\"));","__export(require(\"./logger\"));","//# sourceMappingURL=index.js.map"],"l":{"2":1,"3":7,"5":1,"6":1,"7":1,"8":1,"9":1}},"/home/travis/build/npmtest/node-npmtest-webdriver-manager/node_modules/webdriver-manager/built/lib/cli/cli.js":{"path":"/home/travis/build/npmtest/node-npmtest-webdriver-manager/node_modules/webdriver-manager/built/lib/cli/cli.js","s":{"1":1,"2":1,"3":6,"4":6,"5":1,"6":1,"7":1,"8":1,"9":1,"10":1,"11":6,"12":6,"13":1,"14":1,"15":1,"16":1,"17":1,"18":6,"19":6,"20":1,"21":1,"22":6,"23":1,"24":1,"25":1,"26":6,"27":6,"28":1,"29":1,"30":1,"31":6,"32":6,"33":1,"34":1,"35":1,"36":6,"37":6,"38":1,"39":1,"40":1,"41":1,"42":1,"43":1,"44":1,"45":1,"46":30,"47":30,"48":12,"49":18,"50":17,"51":1,"52":1,"53":30,"54":25,"55":1,"56":1,"57":1,"58":1,"59":1,"60":1},"b":{"1":[12,18],"2":[17,1],"3":[1,0],"4":[25,5]},"f":{"1":1,"2":6,"3":1,"4":1,"5":1,"6":1,"7":1,"8":1,"9":1},"fnMap":{"1":{"name":"(anonymous_1)","line":11,"loc":{"start":{"line":11,"column":15},"end":{"line":11,"column":18}}},"2":{"name":"(anonymous_2)","line":18,"loc":{"start":{"line":18,"column":11},"end":{"line":18,"column":18}}},"3":{"name":"(anonymous_3)","line":26,"loc":{"start":{"line":26,"column":9},"end":{"line":26,"column":21}}},"4":{"name":"(anonymous_4)","line":33,"loc":{"start":{"line":33,"column":13},"end":{"line":33,"column":16}}},"5":{"name":"(anonymous_5)","line":56,"loc":{"start":{"line":56,"column":21},"end":{"line":56,"column":24}}},"6":{"name":"(anonymous_6)","line":68,"loc":{"start":{"line":68,"column":18},"end":{"line":68,"column":21}}},"7":{"name":"(anonymous_7)","line":81,"loc":{"start":{"line":81,"column":14},"end":{"line":81,"column":17}}},"8":{"name":"(anonymous_8)","line":93,"loc":{"start":{"line":93,"column":14},"end":{"line":93,"column":17}}},"9":{"name":"(anonymous_9)","line":106,"loc":{"start":{"line":106,"column":22},"end":{"line":106,"column":25}}}},"statementMap":{"1":{"start":{"line":2,"column":0},"end":{"line":2,"column":62}},"2":{"start":{"line":12,"column":8},"end":{"line":12,"column":27}},"3":{"start":{"line":19,"column":8},"end":{"line":19,"column":39}},"4":{"start":{"line":20,"column":8},"end":{"line":20,"column":20}},"5":{"start":{"line":27,"column":8},"end":{"line":27,"column":35}},"6":{"start":{"line":28,"column":8},"end":{"line":28,"column":20}},"7":{"start":{"line":34,"column":8},"end":{"line":34,"column":48}},"8":{"start":{"line":35,"column":8},"end":{"line":35,"column":35}},"9":{"start":{"line":36,"column":8},"end":{"line":36,"column":57}},"10":{"start":{"line":37,"column":8},"end":{"line":40,"column":9}},"11":{"start":{"line":38,"column":12},"end":{"line":38,"column":42}},"12":{"start":{"line":39,"column":12},"end":{"line":39,"column":45}},"13":{"start":{"line":41,"column":8},"end":{"line":41,"column":51}},"14":{"start":{"line":42,"column":8},"end":{"line":42,"column":43}},"15":{"start":{"line":43,"column":8},"end":{"line":43,"column":28}},"16":{"start":{"line":44,"column":8},"end":{"line":44,"column":34}},"17":{"start":{"line":46,"column":8},"end":{"line":49,"column":9}},"18":{"start":{"line":47,"column":12},"end":{"line":47,"column":42}},"19":{"start":{"line":48,"column":12},"end":{"line":48,"column":70}},"20":{"start":{"line":57,"column":8},"end":{"line":57,"column":26}},"21":{"start":{"line":58,"column":8},"end":{"line":60,"column":9}},"22":{"start":{"line":59,"column":12},"end":{"line":59,"column":58}},"23":{"start":{"line":61,"column":8},"end":{"line":61,"column":24}},"24":{"start":{"line":69,"column":8},"end":{"line":69,"column":26}},"25":{"start":{"line":70,"column":8},"end":{"line":73,"column":9}},"26":{"start":{"line":71,"column":12},"end":{"line":71,"column":42}},"27":{"start":{"line":72,"column":12},"end":{"line":72,"column":65}},"28":{"start":{"line":74,"column":8},"end":{"line":74,"column":24}},"29":{"start":{"line":82,"column":8},"end":{"line":82,"column":26}},"30":{"start":{"line":83,"column":8},"end":{"line":86,"column":9}},"31":{"start":{"line":84,"column":12},"end":{"line":84,"column":42}},"32":{"start":{"line":85,"column":12},"end":{"line":85,"column":61}},"33":{"start":{"line":87,"column":8},"end":{"line":87,"column":24}},"34":{"start":{"line":94,"column":8},"end":{"line":94,"column":28}},"35":{"start":{"line":95,"column":8},"end":{"line":98,"column":9}},"36":{"start":{"line":96,"column":12},"end":{"line":96,"column":42}},"37":{"start":{"line":97,"column":12},"end":{"line":97,"column":54}},"38":{"start":{"line":99,"column":8},"end":{"line":99,"column":26}},"39":{"start":{"line":107,"column":8},"end":{"line":107,"column":43}},"40":{"start":{"line":108,"column":8},"end":{"line":108,"column":33}},"41":{"start":{"line":109,"column":8},"end":{"line":109,"column":33}},"42":{"start":{"line":110,"column":8},"end":{"line":110,"column":32}},"43":{"start":{"line":111,"column":8},"end":{"line":111,"column":32}},"44":{"start":{"line":112,"column":8},"end":{"line":112,"column":33}},"45":{"start":{"line":113,"column":8},"end":{"line":127,"column":9}},"46":{"start":{"line":114,"column":12},"end":{"line":114,"column":41}},"47":{"start":{"line":115,"column":12},"end":{"line":123,"column":13}},"48":{"start":{"line":116,"column":16},"end":{"line":116,"column":49}},"49":{"start":{"line":118,"column":17},"end":{"line":123,"column":13}},"50":{"start":{"line":119,"column":16},"end":{"line":119,"column":48}},"51":{"start":{"line":121,"column":17},"end":{"line":123,"column":13}},"52":{"start":{"line":122,"column":16},"end":{"line":122,"column":48}},"53":{"start":{"line":124,"column":12},"end":{"line":126,"column":13}},"54":{"start":{"line":125,"column":16},"end":{"line":125,"column":66}},"55":{"start":{"line":128,"column":8},"end":{"line":128,"column":53}},"56":{"start":{"line":129,"column":8},"end":{"line":129,"column":51}},"57":{"start":{"line":130,"column":8},"end":{"line":130,"column":51}},"58":{"start":{"line":131,"column":8},"end":{"line":131,"column":53}},"59":{"start":{"line":132,"column":8},"end":{"line":132,"column":31}},"60":{"start":{"line":135,"column":0},"end":{"line":135,"column":18}}},"branchMap":{"1":{"line":115,"type":"if","locations":[{"start":{"line":115,"column":12},"end":{"line":115,"column":12}},{"start":{"line":115,"column":12},"end":{"line":115,"column":12}}]},"2":{"line":118,"type":"if","locations":[{"start":{"line":118,"column":17},"end":{"line":118,"column":17}},{"start":{"line":118,"column":17},"end":{"line":118,"column":17}}]},"3":{"line":121,"type":"if","locations":[{"start":{"line":121,"column":17},"end":{"line":121,"column":17}},{"start":{"line":121,"column":17},"end":{"line":121,"column":17}}]},"4":{"line":124,"type":"if","locations":[{"start":{"line":124,"column":12},"end":{"line":124,"column":12}},{"start":{"line":124,"column":12},"end":{"line":124,"column":12}}]}},"code":["\"use strict\";","Object.defineProperty(exports, \"__esModule\", { value: true });","/**"," * The Cli contains the usage and the collection of programs."," *"," * Printing help for all the programs in the following order:"," * usage, commands, and options. If the options are used in multiple programs,"," * it will list it once."," */","class Cli {","    constructor() {","        this.programs = {};","    }","    /**","     * Register a program to the command line interface.","     * @returns The cli for method chaining.","     */","    program(prog) {","        this.programs[prog.cmd] = prog;","        return this;","    }","    /**","     * Add a usage for the command line interface.","     * @returns The cli for method chaining.","     */","    usage(usageText) {","        this.usageText = usageText;","        return this;","    }","    /**","     * Prints help for the programs registered to the cli.","     */","    printHelp() {","        console.log('Usage: ' + this.usageText);","        console.log('\\nCommands:');","        let cmdDescriptionPos = this.posCmdDescription();","        for (let cmd in this.programs) {","            let prog = this.programs[cmd];","            prog.printCmd(cmdDescriptionPos);","        }","        let descriptionPos = this.posDescription();","        let defaultPos = this.posDefault();","        let extOptions = {};","        console.log('\\nOptions:');","        // print all options","        for (let cmd in this.programs) {","            let prog = this.programs[cmd];","            prog.printOptions(descriptionPos, defaultPos, extOptions);","        }","    }","    /**","     * For commands, gets the position where the description should start so they","     * are aligned.","     * @returns The position where the command description should start.","     */","    posCmdDescription() {","        let position = -1;","        for (let cmd in this.programs) {","            position = Math.max(position, cmd.length + 6);","        }","        return position;","    }","    /**","     * For options, gets the position where the description should start so they","     * are aligned.","     * @returns The position where the option description should start.","     */","    posDescription() {","        let position = -1;","        for (let cmd in this.programs) {","            let prog = this.programs[cmd];","            position = Math.max(position, prog.posDescription());","        }","        return position;","    }","    /**","     * For options, get the position where the default values should start so they","     * are aligned.","     * @returns The position where the option default values should start.","     */","    posDefault() {","        let position = -1;","        for (let cmd in this.programs) {","            let prog = this.programs[cmd];","            position = Math.max(position, prog.posDefault());","        }","        return position;","    }","    /**","     * Go through all programs and add options to the collection.","     * @returns The options used in the programs.","     */","    getOptions() {","        let allOptions = {};","        for (let cmd in this.programs) {","            let prog = this.programs[cmd];","            allOptions = prog.getOptions_(allOptions);","        }","        return allOptions;","    }","    /**","     * Get the options used by the programs and create the minimist options","     * to ensure that minimist parses the values properly.","     * @returns The options for minimist.","     */","    getMinimistOptions() {","        let allOptions = this.getOptions();","        let minimistOptions = {};","        let minimistBoolean = [];","        let minimistString = [];","        let minimistNumber = [];","        let minimistDefault = {};","        for (let opt in allOptions) {","            let option = allOptions[opt];","            if (option.type === 'boolean') {","                minimistBoolean.push(option.opt);","            }","            else if (option.type === 'string') {","                minimistString.push(option.opt);","            }","            else if (option.type === 'number') {","                minimistNumber.push(option.opt);","            }","            if (typeof option.defaultValue !== 'undefined') {","                minimistDefault[option.opt] = option.defaultValue;","            }","        }","        minimistOptions['boolean'] = minimistBoolean;","        minimistOptions['string'] = minimistString;","        minimistOptions['number'] = minimistNumber;","        minimistOptions['default'] = minimistDefault;","        return minimistOptions;","    }","}","exports.Cli = Cli;","//# sourceMappingURL=cli.js.map"],"l":{"2":1,"12":1,"19":6,"20":6,"27":1,"28":1,"34":1,"35":1,"36":1,"37":1,"38":6,"39":6,"41":1,"42":1,"43":1,"44":1,"46":1,"47":6,"48":6,"57":1,"58":1,"59":6,"61":1,"69":1,"70":1,"71":6,"72":6,"74":1,"82":1,"83":1,"84":6,"85":6,"87":1,"94":1,"95":1,"96":6,"97":6,"99":1,"107":1,"108":1,"109":1,"110":1,"111":1,"112":1,"113":1,"114":30,"115":30,"116":12,"118":18,"119":17,"121":1,"122":1,"124":30,"125":25,"128":1,"129":1,"130":1,"131":1,"132":1,"135":1}},"/home/travis/build/npmtest/node-npmtest-webdriver-manager/node_modules/webdriver-manager/built/lib/cli/options.js":{"path":"/home/travis/build/npmtest/node-npmtest-webdriver-manager/node_modules/webdriver-manager/built/lib/cli/options.js","s":{"1":1,"2":36,"3":36,"4":36,"5":36,"6":31,"7":0,"8":0,"9":0,"10":0,"11":0,"12":0,"13":0,"14":0,"15":0,"16":0,"17":0,"18":0,"19":0,"20":0,"21":0,"22":0,"23":0,"24":0,"25":0,"26":1,"27":1,"28":0,"29":0,"30":0,"31":0,"32":0,"33":0,"34":1},"b":{"1":[31,5],"2":[0,0],"3":[0,0],"4":[0,0,0],"5":[0,0],"6":[0,0],"7":[0,0],"8":[0,0],"9":[0,0],"10":[0,0]},"f":{"1":36,"2":0,"3":0,"4":0,"5":0,"6":0},"fnMap":{"1":{"name":"(anonymous_1)","line":4,"loc":{"start":{"line":4,"column":15},"end":{"line":4,"column":54}}},"2":{"name":"(anonymous_2)","line":12,"loc":{"start":{"line":12,"column":13},"end":{"line":12,"column":16}}},"3":{"name":"(anonymous_3)","line":20,"loc":{"start":{"line":20,"column":13},"end":{"line":20,"column":16}}},"4":{"name":"(anonymous_4)","line":29,"loc":{"start":{"line":29,"column":13},"end":{"line":29,"column":16}}},"5":{"name":"(anonymous_5)","line":38,"loc":{"start":{"line":38,"column":14},"end":{"line":38,"column":17}}},"6":{"name":"unparseOptions","line":55,"loc":{"start":{"line":55,"column":0},"end":{"line":55,"column":33}}}},"statementMap":{"1":{"start":{"line":2,"column":0},"end":{"line":2,"column":62}},"2":{"start":{"line":5,"column":8},"end":{"line":5,"column":23}},"3":{"start":{"line":6,"column":8},"end":{"line":6,"column":39}},"4":{"start":{"line":7,"column":8},"end":{"line":7,"column":25}},"5":{"start":{"line":8,"column":8},"end":{"line":10,"column":9}},"6":{"start":{"line":9,"column":12},"end":{"line":9,"column":45}},"7":{"start":{"line":13,"column":8},"end":{"line":18,"column":9}},"8":{"start":{"line":14,"column":12},"end":{"line":14,"column":30}},"9":{"start":{"line":17,"column":12},"end":{"line":17,"column":37}},"10":{"start":{"line":21,"column":8},"end":{"line":21,"column":37}},"11":{"start":{"line":22,"column":8},"end":{"line":27,"column":9}},"12":{"start":{"line":23,"column":12},"end":{"line":23,"column":26}},"13":{"start":{"line":26,"column":12},"end":{"line":26,"column":24}},"14":{"start":{"line":30,"column":8},"end":{"line":30,"column":37}},"15":{"start":{"line":31,"column":8},"end":{"line":36,"column":9}},"16":{"start":{"line":32,"column":12},"end":{"line":32,"column":41}},"17":{"start":{"line":35,"column":12},"end":{"line":35,"column":22}},"18":{"start":{"line":39,"column":8},"end":{"line":39,"column":37}},"19":{"start":{"line":40,"column":8},"end":{"line":50,"column":9}},"20":{"start":{"line":41,"column":12},"end":{"line":49,"column":13}},"21":{"start":{"line":42,"column":16},"end":{"line":42,"column":61}},"22":{"start":{"line":44,"column":17},"end":{"line":49,"column":13}},"23":{"start":{"line":45,"column":16},"end":{"line":45,"column":35}},"24":{"start":{"line":48,"column":16},"end":{"line":48,"column":29}},"25":{"start":{"line":51,"column":8},"end":{"line":51,"column":21}},"26":{"start":{"line":54,"column":0},"end":{"line":54,"column":24}},"27":{"start":{"line":55,"column":0},"end":{"line":64,"column":1}},"28":{"start":{"line":56,"column":4},"end":{"line":56,"column":18}},"29":{"start":{"line":57,"column":4},"end":{"line":62,"column":5}},"30":{"start":{"line":58,"column":8},"end":{"line":58,"column":46}},"31":{"start":{"line":59,"column":8},"end":{"line":61,"column":9}},"32":{"start":{"line":60,"column":12},"end":{"line":60,"column":47}},"33":{"start":{"line":63,"column":4},"end":{"line":63,"column":16}},"34":{"start":{"line":65,"column":0},"end":{"line":65,"column":40}}},"branchMap":{"1":{"line":8,"type":"if","locations":[{"start":{"line":8,"column":8},"end":{"line":8,"column":8}},{"start":{"line":8,"column":8},"end":{"line":8,"column":8}}]},"2":{"line":13,"type":"if","locations":[{"start":{"line":13,"column":8},"end":{"line":13,"column":8}},{"start":{"line":13,"column":8},"end":{"line":13,"column":8}}]},"3":{"line":22,"type":"if","locations":[{"start":{"line":22,"column":8},"end":{"line":22,"column":8}},{"start":{"line":22,"column":8},"end":{"line":22,"column":8}}]},"4":{"line":22,"type":"binary-expr","locations":[{"start":{"line":22,"column":12},"end":{"line":22,"column":25}},{"start":{"line":22,"column":30},"end":{"line":22,"column":55}},{"start":{"line":22,"column":59},"end":{"line":22,"column":84}}]},"5":{"line":31,"type":"if","locations":[{"start":{"line":31,"column":8},"end":{"line":31,"column":8}},{"start":{"line":31,"column":8},"end":{"line":31,"column":8}}]},"6":{"line":40,"type":"if","locations":[{"start":{"line":40,"column":8},"end":{"line":40,"column":8}},{"start":{"line":40,"column":8},"end":{"line":40,"column":8}}]},"7":{"line":41,"type":"if","locations":[{"start":{"line":41,"column":12},"end":{"line":41,"column":12}},{"start":{"line":41,"column":12},"end":{"line":41,"column":12}}]},"8":{"line":42,"type":"binary-expr","locations":[{"start":{"line":42,"column":25},"end":{"line":42,"column":38}},{"start":{"line":42,"column":42},"end":{"line":42,"column":59}}]},"9":{"line":44,"type":"if","locations":[{"start":{"line":44,"column":17},"end":{"line":44,"column":17}},{"start":{"line":44,"column":17},"end":{"line":44,"column":17}}]},"10":{"line":59,"type":"if","locations":[{"start":{"line":59,"column":8},"end":{"line":59,"column":8}},{"start":{"line":59,"column":8},"end":{"line":59,"column":8}}]}},"code":["\"use strict\";","Object.defineProperty(exports, \"__esModule\", { value: true });","class Option {","    constructor(opt, description, type, defaultValue) {","        this.opt = opt;","        this.description = description;","        this.type = type;","        if (defaultValue != null) {","            this.defaultValue = defaultValue;","        }","    }","    getValue_() {","        if (typeof this.value !== 'undefined') {","            return this.value;","        }","        else {","            return this.defaultValue;","        }","    }","    getNumber() {","        let value = this.getValue_();","        if (value != null && (typeof value === 'number' || typeof value === 'string')) {","            return +value;","        }","        else {","            return null;","        }","    }","    getString() {","        let value = this.getValue_();","        if (value != null) {","            return '' + this.getValue_();","        }","        else {","            return '';","        }","    }","    getBoolean() {","        let value = this.getValue_();","        if (value != null) {","            if (typeof value === 'string') {","                return !(value === '0' || value === 'false');","            }","            else if (typeof value === 'number') {","                return value !== 0;","            }","            else {","                return value;","            }","        }","        return false;","    }","}","exports.Option = Option;","function unparseOptions(options) {","    var args = [];","    for (let name in options) {","        let value = options[name].getValue_();","        if (value !== options[name].defaultValue) {","            args.push('--' + name, '' + value);","        }","    }","    return args;","}","exports.unparseOptions = unparseOptions;",";","//# sourceMappingURL=options.js.map"],"l":{"2":1,"5":36,"6":36,"7":36,"8":36,"9":31,"13":0,"14":0,"17":0,"21":0,"22":0,"23":0,"26":0,"30":0,"31":0,"32":0,"35":0,"39":0,"40":0,"41":0,"42":0,"44":0,"45":0,"48":0,"51":0,"54":1,"55":1,"56":0,"57":0,"58":0,"59":0,"60":0,"63":0,"65":1}},"/home/travis/build/npmtest/node-npmtest-webdriver-manager/node_modules/webdriver-manager/built/lib/cli/programs.js":{"path":"/home/travis/build/npmtest/node-npmtest-webdriver-manager/node_modules/webdriver-manager/built/lib/cli/programs.js","s":{"1":1,"2":1,"3":6,"4":6,"5":6,"6":6,"7":0,"8":0,"9":40,"10":40,"11":6,"12":6,"13":0,"14":0,"15":0,"16":0,"17":0,"18":0,"19":0,"20":0,"21":0,"22":0,"23":0,"24":0,"25":6,"26":6,"27":6,"28":6,"29":6,"30":0,"31":6,"32":6,"33":6,"34":6,"35":40,"36":10,"37":30,"38":30,"39":30,"40":30,"41":30,"42":0,"43":30,"44":30,"45":30,"46":17,"47":17,"48":17,"49":0,"50":17,"51":17,"52":17,"53":30,"54":30,"55":30,"56":0,"57":0,"58":0,"59":12,"60":6,"61":18,"62":18,"63":120,"64":120,"65":40,"66":80,"67":80,"68":18,"69":12,"70":80,"71":12,"72":6,"73":6,"74":6,"75":6,"76":6,"77":6,"78":6,"79":6,"80":40,"81":40,"82":13,"83":27,"84":26,"85":1,"86":1,"87":40,"88":35,"89":6,"90":6,"91":6,"92":6,"93":6,"94":1,"95":1},"b":{"1":[0,0],"2":[6,0],"3":[0,6],"4":[10,30],"5":[40,40],"6":[0,30],"7":[17,13],"8":[0,17],"9":[30,0],"10":[40,80],"11":[80,0],"12":[13,27],"13":[26,1],"14":[1,0],"15":[35,5]},"f":{"1":6,"2":6,"3":0,"4":40,"5":6,"6":0,"7":0,"8":6,"9":6,"10":0,"11":12,"12":6,"13":18,"14":12,"15":6},"fnMap":{"1":{"name":"(anonymous_1)","line":8,"loc":{"start":{"line":8,"column":15},"end":{"line":8,"column":18}}},"2":{"name":"(anonymous_2)","line":17,"loc":{"start":{"line":17,"column":11},"end":{"line":17,"column":33}}},"3":{"name":"(anonymous_3)","line":30,"loc":{"start":{"line":30,"column":10},"end":{"line":30,"column":53}}},"4":{"name":"(anonymous_4)","line":39,"loc":{"start":{"line":39,"column":13},"end":{"line":39,"column":22}}},"5":{"name":"(anonymous_5)","line":48,"loc":{"start":{"line":48,"column":10},"end":{"line":48,"column":22}}},"6":{"name":"(anonymous_6)","line":57,"loc":{"start":{"line":57,"column":7},"end":{"line":57,"column":14}}},"7":{"name":"(anonymous_7)","line":63,"loc":{"start":{"line":63,"column":13},"end":{"line":63,"column":25}}},"8":{"name":"(anonymous_8)","line":86,"loc":{"start":{"line":86,"column":12},"end":{"line":86,"column":33}}},"9":{"name":"(anonymous_9)","line":111,"loc":{"start":{"line":111,"column":16},"end":{"line":111,"column":61}}},"10":{"name":"(anonymous_10)","line":152,"loc":{"start":{"line":152,"column":13},"end":{"line":152,"column":16}}},"11":{"name":"(anonymous_11)","line":160,"loc":{"start":{"line":160,"column":18},"end":{"line":160,"column":21}}},"12":{"name":"(anonymous_12)","line":163,"loc":{"start":{"line":163,"column":14},"end":{"line":163,"column":17}}},"13":{"name":"(anonymous_13)","line":166,"loc":{"start":{"line":166,"column":13},"end":{"line":166,"column":21}}},"14":{"name":"(anonymous_14)","line":183,"loc":{"start":{"line":183,"column":15},"end":{"line":183,"column":28}}},"15":{"name":"(anonymous_15)","line":194,"loc":{"start":{"line":194,"column":22},"end":{"line":194,"column":25}}}},"statementMap":{"1":{"start":{"line":2,"column":0},"end":{"line":2,"column":62}},"2":{"start":{"line":3,"column":0},"end":{"line":3,"column":39}},"3":{"start":{"line":9,"column":8},"end":{"line":9,"column":26}},"4":{"start":{"line":18,"column":8},"end":{"line":18,"column":23}},"5":{"start":{"line":19,"column":8},"end":{"line":19,"column":45}},"6":{"start":{"line":20,"column":8},"end":{"line":20,"column":20}},"7":{"start":{"line":31,"column":8},"end":{"line":31,"column":91}},"8":{"start":{"line":32,"column":8},"end":{"line":32,"column":20}},"9":{"start":{"line":40,"column":8},"end":{"line":40,"column":42}},"10":{"start":{"line":41,"column":8},"end":{"line":41,"column":20}},"11":{"start":{"line":49,"column":8},"end":{"line":49,"column":35}},"12":{"start":{"line":50,"column":8},"end":{"line":50,"column":20}},"13":{"start":{"line":58,"column":8},"end":{"line":60,"column":9}},"14":{"start":{"line":59,"column":12},"end":{"line":59,"column":64}},"15":{"start":{"line":61,"column":8},"end":{"line":61,"column":61}},"16":{"start":{"line":64,"column":8},"end":{"line":64,"column":37}},"17":{"start":{"line":65,"column":8},"end":{"line":65,"column":28}},"18":{"start":{"line":66,"column":8},"end":{"line":75,"column":9}},"19":{"start":{"line":67,"column":12},"end":{"line":67,"column":37}},"20":{"start":{"line":68,"column":12},"end":{"line":74,"col
[...]
Parts = this.name.split('-');","            this.api = nameParts[0] + '-' + nameParts[1];","            if (/v[0-9]+[a-z]+/.test(nameParts[nameParts.length - 1]) &&","                (nameParts[nameParts.length - 2].slice(0, 3) == 'arm')) {","                this.architecture = nameParts[nameParts.length - 2] + '-' + nameParts[nameParts.length - 1];","            }","            else {","                this.architecture = nameParts[nameParts.length - 1];","            }","            this.platform = this.name.slice(this.api.length + 1, -this.architecture.length - 1);","        }","        this.abi =","            (this.platform.toUpperCase() == 'DEFAULT' ? '' : this.platform + '/') + this.architecture;","    }","    avdName(version) {","        return this.name + '-v' + version + '-wd-manager';","    }","}","// Gets the descriptors for all AVDs which are possible to make given the","// SDKs which were downloaded","function getAVDDescriptors(sdkPath) {","    let deferred = q.defer();","    // `glob` package always prefers patterns to use `/`","    glob('system-images/*/*/*', { cwd: sdkPath }, (err, files) => {","        if (err) {","            deferred.reject(err);","        }","        else {","            deferred.resolve(files.map((file) => {","                // `file` could use `/` or `\\`, so we use `path.normalize`","                let info = path.normalize(file).split(path.sep).slice(-3);","                return new AVDDescriptor(info[0], info[1], info[2]);","            }));","        }","    });","    return deferred.promise;","}","function sequentialForEach(array, func) {","    let ret = q(null);","    array.forEach((x) => {","        ret = ret.then(() => {","            return func(x);","        });","    });","    return ret;","}","// Configures the hardware.ini file for a system image of a new AVD","function configureAVDHardware(sdkPath, desc) {","    let file = path.resolve(sdkPath, 'system-images', desc.api, desc.platform, desc.architecture, 'hardware.ini');","    return q.nfcall(fs.stat, file)","        .then((stats) => {","        return q.nfcall(fs.readFile, file);","    }, (err) => {","        return q('');","    })","        .then((contents) => {","        let config = ini.parse(contents.toString());","        config['hw.keyboard'] = 'yes';","        config['hw.battery'] = 'yes';","        config['hw.ramSize'] = 1024;","        return q.nfcall(fs.writeFile, file, ini.stringify(config));","    });","}","// Make an android virtual device","function makeAVD(sdkPath, desc, version, verbose) {","    return runAndroidSDKCommand(sdkPath, 'delete', ['avd', '--name', desc.avdName(version)])","        .then(noop, noop)","        .then(() => {","        return runAndroidSDKCommand(sdkPath, 'create', ['avd', '--name', desc.avdName(version), '--target', desc.api, '--abi', desc.abi], 'pipe', respondFactory('Do you wish to create a custom hardware profile', 'no', verbose));","    });","}","// Initialize the android SDK","function android(sdkPath, apiLevels, architectures, platforms, acceptLicenses, version, oldAVDs, logger, verbose) {","    let avdDescriptors;","    let tools = ['platform-tool', 'tool'];","    if ((config_1.Config.osType() == 'Darwin') || (config_1.Config.osType() == 'Windows_NT')) {","        tools.push('extra-intel-Hardware_Accelerated_Execution_Manager');","    }","    logger.info('android-sdk: Downloading additional SDK updates');","    downloadAndroidUpdates(sdkPath, tools, false, acceptLicenses, verbose)","        .then(() => {","        return setupHardwareAcceleration(sdkPath);","    })","        .then(() => {","        logger.info('android-sdk: Downloading more additional SDK updates ' +","            '(this may take a while)');","        return downloadAndroidUpdates(sdkPath, ['build-tools-24.0.0'].concat(getAndroidSDKTargets(apiLevels, architectures, platforms, oldAVDs)), true, acceptLicenses, verbose);","    })","        .then(() => {","        return getAVDDescriptors(sdkPath);","    })","        .then((descriptors) => {","        avdDescriptors = descriptors;","        logger.info('android-sdk: Configuring virtual device hardware');","        return sequentialForEach(avdDescriptors, (descriptor) => {","            return configureAVDHardware(sdkPath, descriptor);","        });","    })","        .then(() => {","        return sequentialForEach(avdDescriptors, (descriptor) => {","            logger.info('android-sdk: Setting up virtual device \"' + descriptor.name + '\"');","            return makeAVD(sdkPath, descriptor, version, verbose);","        });","    })","        .then(() => {","        return q.nfcall(fs.writeFile, path.resolve(sdkPath, 'available_avds.json'), JSON.stringify(avdDescriptors.map((descriptor) => {","            return descriptor.name;","        })));","    })","        .then(() => {","        logger.info('android-sdk: Initialization complete');","    })","        .done();","}","exports.android = android;",";","function iOS(logger) {","    if (config_1.Config.osType() != 'Darwin') {","        throw new Error('Must be on a Mac to simulate iOS devices.');","    }","    try {","        fs.statSync('/Applications/Xcode.app');","    }","    catch (e) {","        logger.warn('You must install the xcode commandline tools!');","    }","}","exports.iOS = iOS;","//# sourceMappingURL=initialize.js.map"],"l":{"2":1,"3":1,"4":1,"5":1,"6":1,"7":1,"8":1,"9":1,"10":1,"11":1,"14":1,"15":0,"16":0,"17":0,"18":0,"19":0,"20":0,"22":0,"23":0,"30":1,"31":0,"32":0,"33":0,"36":0,"37":0,"38":0,"39":0,"40":0,"43":0,"45":0,"48":0,"49":0,"50":0,"51":0,"54":0,"57":1,"58":0,"61":1,"63":0,"64":0,"65":0,"67":0,"69":0,"70":0,"72":0,"77":1,"78":1,"79":0,"80":0,"82":0,"84":0,"86":0,"89":0,"90":0,"93":0,"94":0,"95":0,"96":0,"98":0,"99":0,"100":0,"103":0,"108":0,"109":0,"110":0,"111":0,"112":0,"115":0,"116":0,"117":0,"118":0,"120":0,"123":0,"125":0,"127":0,"131":0,"136":1,"137":0,"139":0,"140":0,"141":0,"144":0,"146":0,"147":0,"151":0,"153":1,"154":0,"155":0,"156":0,"157":0,"160":0,"163":1,"164":0,"165":0,"167":0,"169":0,"172":0,"173":0,"174":0,"175":0,"176":0,"180":1,"181":0,"184":0,"188":1,"189":0,"190":0,"191":0,"192":0,"194":0,"195":0,"197":0,"200":0,"202":0,"205":0,"208":0,"209":0,"210":0,"211":0,"215":0,"216":0,"217":0,"221":0,"222":0,"226":0,"230":1,"232":1,"233":0,"234":0,"236":0,"237":0,"240":0,"243":1}},"/home/travis/build/npmtest/node-npmtest-webdriver-manager/node_modules/webdriver-manager/built/lib/cmds/version.js":{"path":"/home/travis/build/npmtest/node-npmtest-webdriver-manager/node_modules/webdriver-manager/built/lib/cmds/version.js","s":{"1":1,"2":1,"3":1,"4":1,"5":1,"6":1,"7":1,"8":1,"9":1,"10":0,"11":1,"12":0},"b":{"1":[0,1]},"f":{"1":0},"fnMap":{"1":{"name":"getVersion","line":14,"loc":{"start":{"line":14,"column":0},"end":{"line":14,"column":22}}}},"statementMap":{"1":{"start":{"line":2,"column":0},"end":{"line":2,"column":62}},"2":{"start":{"line":3,"column":0},"end":{"line":3,"column":37}},"3":{"start":{"line":4,"column":0},"end":{"line":4,"column":32}},"4":{"start":{"line":5,"column":0},"end":{"line":5,"column":38}},"5":{"start":{"line":6,"column":0},"end":{"line":6,"column":41}},"6":{"start":{"line":7,"column":0},"end":{"line":7,"column":96}},"7":{"start":{"line":8,"column":0},"end":{"line":8,"column":23}},"8":{"start":{"line":10,"column":0},"end":{"line":10,"column":70}},"9":{"start":{"line":11,"column":0},"end":{"line":13,"column":1}},"10":{"start":{"line":12,"column":4},"end":{"line":12,"column":47}},"11":{"start":{"line":14,"column":0},"end":{"line":16,"column":1}},"12":{"start":{"line":15,"column":4},"end":{"line":15,"column":67}}},"branchMap":{"1":{"line":11,"type":"if","locations":[{"start":{"line":11,"column":0},"end":{"line":11,"column":0}},{"start":{"line":11,"column":0},"end":{"line":11,"column":0}}]}},"code":["\"use strict\";","Object.defineProperty(exports, \"__esModule\", { value: true });","const minimist = require(\"minimist\");","const cli_1 = require(\"../cli\");","const config_1 = require(\"../config\");","let logger = new cli_1.Logger('version');","let prog = new cli_1.Program().command('version', 'get the current version').action(getVersion);","exports.program = prog;","// stand alone runner","let argv = minimist(process.argv.slice(2), prog.getMinimistOptions());","if (argv._[0] === 'version-run') {","    prog.run(JSON.parse(JSON.stringify(argv)));","}","function getVersion() {","    logger.info('webdriver-manager', config_1.Config.getVersion());","}","//# sourceMappingURL=version.js.map"],"l":{"2":1,"3":1,"4":1,"5":1,"6":1,"7":1,"8":1,"10":1,"11":1,"12":0,"14":1,"15":0}},"/home/travis/build/npmtest/node-npmtest-webdriver-manager/node_modules/webdriver-manager/gulpfile.js":{"path":"/home/travis/build/npmtest/node-npmtest-webdriver-manager/node_modules/webdriver-manager/gulpfile.js","s":{"1":2,"2":2,"3":0,"4":0,"5":0,"6":0,"7":0,"8":0,"9":0,"10":0,"11":0,"12":0,"13":0,"14":0,"15":0,"16":0,"17":0,"18":0,"19":0,"20":0,"21":0,"22":0,"23":0,"24":0,"25":0,"26":0,"27":0,"28":0,"29":0,"30":0,"31":0,"32":0,"33":0,"34":0,"35":0,"36":0,"37":0,"38":0,"39":0,"40":0,"41":0,"42":0,"43":0,"44":0,"45":0,"46":0,"47":0,"48":0,"49":0,"50":0,"51":0,"52":0,"53":0,"54":0,"55":0,"56":0},"b":{"1":[0,0],"2":[0,0],"3":[0,0],"4":[0,0],"5":[0,0],"6":[0,0],"7":[0,0],"8":[0,0]},"f":{"1":0,"2":0,"3":0,"4":0,"5":0,"6":0,"7":0,"8":0,"9":0,"10":0,"11":0,"12":0,"13":0,"14":0,"15":0},"fnMap":{"1":{"name":"(anonymous_1)","line":8,"loc":{"start":{"line":8,"column":15},"end":{"line":8,"column":42}}},"2":{"name":"(anonymous_2)","line":9,"loc":{"start":{"line":9,"column":17},"end":{"line":9,"column":28}}},"3":{"name":"(anonymous_3)","line":12,"loc":{"start":{"line":12,"column":20},"end":{"line":12,"column":35}}},"4":{"name":"(anonymous_4)","line":18,"loc":{"start":{"line":18,"column":20},"end":{"line":18,"column":34}}},"5":{"name":"(anonymous_5)","line":29,"loc":{"start":{"line":29,"column":18},"end":{"line":29,"column":29}}},"6":{"name":"(anonymous_6)","line":50,"loc":{"start":{"line":50,"column":17},"end":{"line":50,"column":32}}},"7":{"name":"(anonymous_7)","line":54,"loc":{"start":{"line":54,"column":24},"end":{"line":54,"column":39}}},"8":{"name":"(anonymous_8)","line":62,"loc":{"start":{"line":62,"column":44},"end":{"line":62,"column":59}}},"9":{"name":"(anonymous_9)","line":68,"loc":{"start":{"line":68,"column":31},"end":{"line":68,"column":46}}},"10":{"name":"(anonymous_10)","line":72,"loc":{"start":{"line":72,"column":42},"end":{"line":72,"column":57}}},"11":{"name":"(anonymous_11)","line":78,"loc":{"start":{"line":78,"column":33},"end":{"line":78,"column":48}}},"12":{"name":"(anonymous_12)","line":82,"loc":{"start":{"line":82,"column":39},"end":{"line":82,"column":54}}},"13":{"name":"(anonymous_13)","line":87,"loc":{"start":{"line":87,"column":32},"end":{"line":87,"column":47}}},"14":{"name":"(anonymous_14)","line":90,"loc":{"start":{"line":90,"column":22},"end":{"line":90,"column":37}}},"15":{"name":"(anonymous_15)","line":98,"loc":{"start":{"line":98,"column":33},"end":{"line":98,"column":48}}}},"statementMap":{"1":{"start":{"line":3,"column":0},"end":{"line":3,"column":27}},"2":{"start":{"line":4,"column":0},"end":{"line":4,"column":27}},"3":{"start":{"line":5,"column":0},"end":{"line":5,"column":42}},"4":{"start":{"line":6,"column":0},"end":{"line":6,"column":43}},"5":{"start":{"line":8,"column":0},"end":{"line":26,"column":2}},"6":{"start":{"line":9,"column":2},"end":{"line":9,"column":31}},"7":{"start":{"line":10,"column":2},"end":{"line":10,"column":52}},"8":{"start":{"line":11,"column":2},"end":{"line":11,"column":22}},"9":{"start":{"line":12,"column":2},"end":{"line":17,"column":5}},"10":{"start":{"line":13,"column":4},"end":{"line":16,"column":5}},"11":{"start":{"line":14,"column":6},"end":{"line":14,"column":21}},"12":{"start":{"line":15,"column":6},"end":{"line":15,"column":17}},"13":{"start":{"line":18,"column":2},"end":{"line":24,"column":5}},"14":{"start":{"line":19,"column":4},"end":{"line":23,"column":5}},"15":{"start":{"line":20,"column":6},"end":{"line":20,"column":54}},"16":{"start":{"line":21,"column":6},"end":{"line":21,"column":21}},"17":{"start":{"line":22,"column":6},"end":{"line":22,"column":21}},"18":{"start":{"line":25,"column":2},"end":{"line":25,"column":15}},"19":{"start":{"line":29,"column":0},"end":{"line":32,"column":3}},"20":{"start":{"line":30,"column":2},"end":{"line":31,"column":33}},"21":{"start":{"line":34,"column":0},"end":{"line":34,"column":47}},"22":{"start":{"line":36,"column":0},"end":{"line":41,"column":3}},"23":{"start":{"line":37,"column":2},"end":{"line":37,"column":46}},"24":{"start":{"line":38,"column":2},"end":{"line":38,"column":46}},"25":{"start":{"line":39,"column":2},"end":{"line":40,"column":74}},"26":{"start":{"line":43,"column":0},"end":{"line":48,"column":3}},"27":{"start":{"line":44,"column":2},"end":{"line":44,"column":46}},"28":{"start":{"line":45,"column":2},"end":{"line":45,"column":46}},"29":{"start":{"line":46,"column":2},"end":{"line":47,"column":61}},"30":{"start":{"line":50,"column":0},"end":{"line":52,"column":3}},"31":{"start":{"line":51,"column":2},"end":{"line":51,"column":72}},"32":{"start":{"line":54,"column":0},"end":{"line":56,"column":3}},"33":{"start":{"line":55,"column":2},"end":{"line":55,"column":35}},"34":{"start":{"line":58,"column":0},"end":{"line":58,"column":37}},"35":{"start":{"line":59,"column":0},"end":{"line":59,"column":35}},"36":{"start":{"line":62,"column":0},"end":{"line":64,"column":3}},"37":{"start":{"line":63,"column":2},"end":{"line":63,"column":76}},"38":{"start":{"line":67,"column":0},"end":{"line":67,"column":43}},"39":{"start":{"line":68,"column":0},"end":{"line":71,"column":3}},"40":{"start":{"line":69,"column":2},"end":{"line":70,"column":41}},"41":{"start":{"line":72,"column":0},"end":{"line":77,"column":3}},"42":{"start":{"line":73,"column":2},"end":{"line":76,"column":57}},"43":{"start":{"line":78,"column":0},"end":{"line":80,"column":3}},"44":{"start":{"line":79,"column":2},"end":{"line":79,"column":74}},"45":{"start":{"line":82,"column":0},"end":{"line":86,"column":3}},"46":{"start":{"line":83,"column":2},"end":{"line":83,"column":98}},"47":{"start":{"line":84,"column":2},"end":{"line":85,"column":55}},"48":{"start":{"line":87,"column":0},"end":{"line":89,"column":3}},"49":{"start":{"line":88,"column":2},"end":{"line":88,"column":59}},"50":{"start":{"line":90,"column":0},"end":{"line":92,"column":3}},"51":{"start":{"line":91,"column":2},"end":{"line":91,"column":52}},"52":{"start":{"line":96,"column":0},"end":{"line":96,"column":45}},"53":{"start":{"line":97,"column":0},"end":{"line":97,"column":65}},"54":{"start":{"line":98,"column":0},"end":{"line":101,"column":3}},"55":{"start":{"line":99,"column":2},"end":{"line":99,"column":22}},"56":{"start":{"line":100,"column":2},"end":{"line":100,"column":32}}},"branchMap":{"1":{"line":9,"type":"binary-expr","locations":[{"start":{"line":9,"column":9},"end":{"line":9,"column":13}},{"start":{"line":9,"column":17},"end":{"line":9,"column":30}}]},"2":{"line":13,"type":"if","locations":[{"start":{"line":13,"column":4},"end":{"line":13,"column":4}},{"start":{"line":13,"column":4},"end":{"line":13,"column":4}}]},"3":{"line":19,"type":"if","locations":[{"start":{"line":19,"column":4},"end":{"line":19,"column":4}},{"start":{"line":19,"column":4},"end":{"line":19,"column":4}}]},"4":{"line":22,"type":"binary-expr","locations":[{"start":{"line":22,"column":11},"end":{"line":22,"column":14}},{"start":{"line":22,"column":18},"end":{"line":22,"column":19}}]},"5":{"line":75,"type":"cond-expr","locations":[{"start":{"line":76,"column":25},"end":{"line":76,"column":43}},{"start":{"line":76,"column":46},"end":{"line":76,"column":48}}]},"6":{"line":75,"type":"binary-expr","locations":[{"start":{"line":75,"column":24},"end":{"line":75,"column":40}},{"start":{"line":76,"column":10},"end":{"line":76,"column":22}}]},"7":{"line":83,"type":"cond-expr","locations":[{"start":{"line":83,"column":34},"end":{"line":83,"column":49}},{"start":{"line":83,"column":52},"end":{"line":83,"column":97}}]},"8":{"line":83,"type":"cond-expr","locations":[{"start":{"line":83,"column":66},"end":{"line":83,"column":77}},{"start":{"line":83,"column":80},"end":{"line":83,"column":97}}]}},"code":["'use strict';","","var path = require('path');","var gulp = require('gulp');","var runSequence = require('run-sequence');","var spawn = require('child_process').spawn;","","var runSpawn = function(task, args, done) {","  done = done || function() {};","  var child = spawn(task, args, {stdio: 'inherit'});","  var running = false;","  child.on('close', function(code) {","    if (!running) {","      running = true;","      done(code);","    }","  });","  child.on('error', function(err) {","    if (!running) {","      console.error('gulp encountered a child error');","      running = true;","      done(err || 1);","    }","  });","  return child;","};","","// Build","gulp.task('copy', function() {","  return gulp.src(['config.json', 'package.json'])","      .pipe(gulp.dest('built/'));","});","","var tsGlobs = ['lib/**/*.ts', '*spec/**/*.ts'];","","gulp.task('format:enforce', () => {","  const format = require('gulp-clang-format');","  const clangFormat = require('clang-format');","  return gulp.src(tsGlobs).pipe(","    format.checkFormat('file', clangFormat, {verbose: true, fail: true}));","});","","gulp.task('format', () => {","  const format = require('gulp-clang-format');","  const clangFormat = require('clang-format');","  return gulp.src(tsGlobs, { base: '.' }).pipe(","    format.format('file', clangFormat)).pipe(gulp.dest('.'));","});","","gulp.task('tsc', function(done) {","  runSpawn(process.execPath, ['node_modules/typescript/bin/tsc'], done);","});","","gulp.task('prepublish', function(done) {","  runSequence('tsc', 'copy', done);","});","","gulp.task('default', ['prepublish']);","gulp.task('build', ['prepublish']);","","// Unit Test Commands","gulp.task('test:unit', ['format', 'build'], function(done) {","  runSpawn(process.execPath, ['node_modules/jasmine/bin/jasmine.js'], done);","});","","// e2e test helper commands","var e2e_env = {headless: false, kvm: true};","gulp.task('update', ['build'], function(done) {","  runSpawn(process.execPath, ['bin/webdriver-manager', 'update', '--android',","      '--android-accept-licenses'], done)","});","gulp.task('start', ['build', 'shutdown'], function(done) {","  runSpawn(process.execPath, ['bin/webdriver-manager', 'start', '--detach', '--seleniumPort',","      '4444', '--android', '--appium-port', '4723', ","      '--quiet'].concat(e2e_env.headless ||","          !e2e_env.kvm ? ['--avds', 'none'] : []), done);","});","gulp.task('shutdown', ['build'], function(done) {","  runSpawn(process.execPath, ['bin/webdriver-manager', 'shutdown'], done);","});","","gulp.task('test:e2e:inner', ['build'], function(done) {","  var config = e2e_env.headless ? 'headless.json' : e2e_env.kvm ? 'full.json' : 'no_android.json';","  runSpawn(process.execPath, ['node_modules/jasmine/bin/jasmine.js', 'JASMINE_CONFIG_PATH=' +","      path.join('e2e_spec', 'support', config)], done);","});","gulp.task('test:e2e:no_update', function(done) {","  runSequence('start', 'test:e2e:inner', 'shutdown', done);","});","gulp.task('test:e2e', function(done) {","  runSequence('update', 'test:e2e:no_update', done);","});","","","// Final command","gulp.task('test', ['test:unit', 'test:e2e']);","gulp.task('test:no_update', ['test:unit', 'test:e2e:no_update']);","gulp.task('test:e2e:no_kvm', [], function(done) {","  e2e_env.kvm = false;","  runSequence('test:e2e', done);","});",""],"l":{"3":2,"4":2,"5":0,"6":0,"8":0,"9":0,"10":0,"11":0,"12":0,"13":0,"14":0,"15":0,"18":0,"19":0,"20":0,"21":0,"22":0,"25":0,"29":0,"30":0,"34":0,"36":0,"37":0,"38":0,"39":0,"43":0,"44":0,"45":0,"46":0,"50":0,"51":0,"54":0,"55":0,"58":0,"59":0,"62":0,"63":0,"67":0,"68":0,"69":0,"72":0,"73":0,"78":0,"79":0,"82":0,"83":0,"84":0,"87":0,"88":0,"90":0,"91":0,"96":0,"97":0,"98":0,"99":0,"100":0}}}